INFO AWT-EventQueue-0 de.htwg.se.mastermind.view.tui - 
Please enter command: 
INFO AWT-EventQueue-0 de.htwg.se.mastermind.view.tui - 
              +-------------+
              | xx xx xx xx |
+-------------+-------------+
|             |             |[6]
|             |             |[5]
|             |             |[4]
|             | fr gb       |[3]
| bk          | de ch ru es |[2]
| bk          | es fr gb us |[1]
| wh          | us de ch ru |[0]
+-------------+-------------+
                [3][2][1][0]

INFO AWT-EventQueue-0 de.htwg.se.mastermind.view.tui - 
The cell at [3],[2] has been set!
INFO AWT-EventQueue-0 de.htwg.se.mastermind.view.tui - 
Available Colors: yl, gr, rd, bl, or, pk, pu
INFO AWT-EventQueue-0 de.htwg.se.mastermind.view.tui - 
Possible Commands: n-new, q-quit, c-confirm row, xyco-set a color at x, y, s-show solution, zn-sets the size, h-show highscores
INFO AWT-EventQueue-0 de.htwg.se.mastermind.view.tui - 
Please enter command: 
INFO AWT-EventQueue-0 de.htwg.se.mastermind.view.tui - 
              +-------------+
              | xx xx xx xx |
+-------------+-------------+
|             |             |[6]
|             |             |[5]
|             |             |[4]
|             | fr gb us    |[3]
| bk          | de ch ru es |[2]
| bk          | es fr gb us |[1]
| wh          | us de ch ru |[0]
+-------------+-------------+
                [3][2][1][0]

INFO AWT-EventQueue-0 de.htwg.se.mastermind.view.tui - 
The cell at [3],[1] has been set!
INFO AWT-EventQueue-0 de.htwg.se.mastermind.view.tui - 
Available Colors: yl, gr, rd, bl, or, pk, pu
INFO AWT-EventQueue-0 de.htwg.se.mastermind.view.tui - 
Possible Commands: n-new, q-quit, c-confirm row, xyco-set a color at x, y, s-show solution, zn-sets the size, h-show highscores
INFO AWT-EventQueue-0 de.htwg.se.mastermind.view.tui - 
Please enter command: 
INFO AWT-EventQueue-0 de.htwg.se.mastermind.view.tui - 
              +-------------+
              | xx xx xx xx |
+-------------+-------------+
|             |             |[6]
|             |             |[5]
|             |             |[4]
|             | fr gb us de |[3]
| bk          | de ch ru es |[2]
| bk          | es fr gb us |[1]
| wh          | us de ch ru |[0]
+-------------+-------------+
                [3][2][1][0]

INFO AWT-EventQueue-0 de.htwg.se.mastermind.view.tui - 
The cell at [3],[0] has been set!
INFO AWT-EventQueue-0 de.htwg.se.mastermind.view.tui - 
Available Colors: yl, gr, rd, bl, or, pk, pu
INFO AWT-EventQueue-0 de.htwg.se.mastermind.view.tui - 
Possible Commands: n-new, q-quit, c-confirm row, xyco-set a color at x, y, s-show solution, zn-sets the size, h-show highscores
INFO AWT-EventQueue-0 de.htwg.se.mastermind.view.tui - 
Please enter command: 
INFO AWT-EventQueue-0 de.htwg.se.mastermind.view.tui - 
              +-------------+
              | xx xx xx xx |
+-------------+-------------+
|             |             |[6]
|             |             |[5]
|             |             |[4]
| wh          | fr gb us de |[3]
| bk          | de ch ru es |[2]
| bk          | es fr gb us |[1]
| wh          | us de ch ru |[0]
+-------------+-------------+
                [3][2][1][0]

INFO AWT-EventQueue-0 de.htwg.se.mastermind.view.tui - 
Row [3] confirmed!
INFO AWT-EventQueue-0 de.htwg.se.mastermind.view.tui - 
Available Colors: yl, gr, rd, bl, or, pk, pu
INFO AWT-EventQueue-0 de.htwg.se.mastermind.view.tui - 
Possible Commands: n-new, q-quit, c-confirm row, xyco-set a color at x, y, s-show solution, zn-sets the size, h-show highscores
INFO AWT-EventQueue-0 de.htwg.se.mastermind.view.tui - 
Please enter command: 
INFO AWT-EventQueue-0 de.htwg.se.mastermind.view.tui - 
              +-------------+
              | xx xx xx xx |
+-------------+-------------+
|             |             |[6]
|             |             |[5]
|             | ch          |[4]
| wh          | fr gb us de |[3]
| bk          | de ch ru es |[2]
| bk          | es fr gb us |[1]
| wh          | us de ch ru |[0]
+-------------+-------------+
                [3][2][1][0]

INFO AWT-EventQueue-0 de.htwg.se.mastermind.view.tui - 
The cell at [4],[3] has been set!
INFO AWT-EventQueue-0 de.htwg.se.mastermind.view.tui - 
Available Colors: yl, gr, rd, bl, or, pk, pu
INFO AWT-EventQueue-0 de.htwg.se.mastermind.view.tui - 
Possible Commands: n-new, q-quit, c-confirm row, xyco-set a color at x, y, s-show solution, zn-sets the size, h-show highscores
INFO AWT-EventQueue-0 de.htwg.se.mastermind.view.tui - 
Please enter command: 
INFO AWT-EventQueue-0 de.htwg.se.mastermind.view.tui - 
              +-------------+
              | xx xx xx xx |
+-------------+-------------+
|             |             |[6]
|             |             |[5]
|             | ch ru       |[4]
| wh          | fr gb us de |[3]
| bk          | de ch ru es |[2]
| bk          | es fr gb us |[1]
| wh          | us de ch ru |[0]
+-------------+-------------+
                [3][2][1][0]

INFO AWT-EventQueue-0 de.htwg.se.mastermind.view.tui - 
The cell at [4],[2] has been set!
INFO AWT-EventQueue-0 de.htwg.se.mastermind.view.tui - 
Available Colors: yl, gr, rd, bl, or, pk, pu
INFO AWT-EventQueue-0 de.htwg.se.mastermind.view.tui - 
Possible Commands: n-new, q-quit, c-confirm row, xyco-set a color at x, y, s-show solution, zn-sets the size, h-show highscores
INFO AWT-EventQueue-0 de.htwg.se.mastermind.view.tui - 
Please enter command: 
INFO AWT-EventQueue-0 de.htwg.se.mastermind.view.tui - 
              +-------------+
              | xx xx xx xx |
+-------------+-------------+
|             |             |[6]
|             |             |[5]
|             | ch ru es    |[4]
| wh          | fr gb us de |[3]
| bk          | de ch ru es |[2]
| bk          | es fr gb us |[1]
| wh          | us de ch ru |[0]
+-------------+-------------+
                [3][2][1][0]

INFO AWT-EventQueue-0 de.htwg.se.mastermind.view.tui - 
The cell at [4],[1] has been set!
INFO AWT-EventQueue-0 de.htwg.se.mastermind.view.tui - 
Available Colors: yl, gr, rd, bl, or, pk, pu
INFO AWT-EventQueue-0 de.htwg.se.mastermind.view.tui - 
Possible Commands: n-new, q-quit, c-confirm row, xyco-set a color at x, y, s-show solution, zn-sets the size, h-show highscores
INFO AWT-EventQueue-0 de.htwg.se.mastermind.view.tui - 
Please enter command: 
INFO AWT-EventQueue-0 de.htwg.se.mastermind.view.tui - 
              +-------------+
              | xx xx xx xx |
+-------------+-------------+
|             |             |[6]
|             |             |[5]
|             | ch ru es fr |[4]
| wh          | fr gb us de |[3]
| bk          | de ch ru es |[2]
| bk          | es fr gb us |[1]
| wh          | us de ch ru |[0]
+-------------+-------------+
                [3][2][1][0]

INFO AWT-EventQueue-0 de.htwg.se.mastermind.view.tui - 
The cell at [4],[0] has been set!
INFO AWT-EventQueue-0 de.htwg.se.mastermind.view.tui - 
Available Colors: yl, gr, rd, bl, or, pk, pu
INFO AWT-EventQueue-0 de.htwg.se.mastermind.view.tui - 
Possible Commands: n-new, q-quit, c-confirm row, xyco-set a color at x, y, s-show solution, zn-sets the size, h-show highscores
INFO AWT-EventQueue-0 de.htwg.se.mastermind.view.tui - 
Please enter command: 
INFO AWT-EventQueue-0 de.htwg.se.mastermind.view.tui - 
              +-------------+
              | xx xx xx xx |
+-------------+-------------+
|             |             |[6]
|             |             |[5]
| wh          | ch ru es fr |[4]
| wh          | fr gb us de |[3]
| bk          | de ch ru es |[2]
| bk          | es fr gb us |[1]
| wh          | us de ch ru |[0]
+-------------+-------------+
                [3][2][1][0]

INFO AWT-EventQueue-0 de.htwg.se.mastermind.view.tui - 
Row [4] confirmed!
INFO AWT-EventQueue-0 de.htwg.se.mastermind.view.tui - 
Available Colors: yl, gr, rd, bl, or, pk, pu
INFO AWT-EventQueue-0 de.htwg.se.mastermind.view.tui - 
Possible Commands: n-new, q-quit, c-confirm row, xyco-set a color at x, y, s-show solution, zn-sets the size, h-show highscores
INFO AWT-EventQueue-0 de.htwg.se.mastermind.view.tui - 
Please enter command: 
INFO AWT-EventQueue-0 de.htwg.se.mastermind.view.tui - 
              +-------------+
              | gb ch gb gb |
+-------------+-------------+
|             |             |[6]
|             |             |[5]
| wh          | ch ru es fr |[4]
| wh          | fr gb us de |[3]
| bk          | de ch ru es |[2]
| bk          | es fr gb us |[1]
| wh          | us de ch ru |[0]
+-------------+-------------+
                [3][2][1][0]

INFO AWT-EventQueue-0 de.htwg.se.mastermind.view.tui - 
Solution is shown
INFO AWT-EventQueue-0 de.htwg.se.mastermind.view.tui - 
Available Colors: yl, gr, rd, bl, or, pk, pu
INFO AWT-EventQueue-0 de.htwg.se.mastermind.view.tui - 
Possible Commands: n-new, q-quit, c-confirm row, xyco-set a color at x, y, s-show solution, zn-sets the size, h-show highscores
INFO AWT-EventQueue-0 de.htwg.se.mastermind.view.tui - 
Please enter command: 
INFO AWT-EventQueue-0 de.htwg.se.mastermind.view.tui - 
              +-------------+
              | gb ch gb gb |
+-------------+-------------+
|             |             |[6]
|             | gb          |[5]
| wh          | ch ru es fr |[4]
| wh          | fr gb us de |[3]
| bk          | de ch ru es |[2]
| bk          | es fr gb us |[1]
| wh          | us de ch ru |[0]
+-------------+-------------+
                [3][2][1][0]

INFO AWT-EventQueue-0 de.htwg.se.mastermind.view.tui - 
The cell at [5],[3] has been set!
INFO AWT-EventQueue-0 de.htwg.se.mastermind.view.tui - 
Available Colors: yl, gr, rd, bl, or, pk, pu
INFO AWT-EventQueue-0 de.htwg.se.mastermind.view.tui - 
Possible Commands: n-new, q-quit, c-confirm row, xyco-set a color at x, y, s-show solution, zn-sets the size, h-show highscores
INFO AWT-EventQueue-0 de.htwg.se.mastermind.view.tui - 
Please enter command: 
INFO AWT-EventQueue-0 de.htwg.se.mastermind.view.tui - 
              +-------------+
              | gb ch gb gb |
+-------------+-------------+
|             |             |[6]
|             | gb us       |[5]
| wh          | ch ru es fr |[4]
| wh          | fr gb us de |[3]
| bk          | de ch ru es |[2]
| bk          | es fr gb us |[1]
| wh          | us de ch ru |[0]
+-------------+-------------+
                [3][2][1][0]

INFO AWT-EventQueue-0 de.htwg.se.mastermind.view.tui - 
The cell at [5],[2] has been set!
INFO AWT-EventQueue-0 de.htwg.se.mastermind.view.tui - 
Available Colors: yl, gr, rd, bl, or, pk, pu
INFO AWT-EventQueue-0 de.htwg.se.mastermind.view.tui - 
Possible Commands: n-new, q-quit, c-confirm row, xyco-set a color at x, y, s-show solution, zn-sets the size, h-show highscores
INFO AWT-EventQueue-0 de.htwg.se.mastermind.view.tui - 
Please enter command: 
INFO AWT-EventQueue-0 de.htwg.se.mastermind.view.tui - 
              +-------------+
              | gb ch gb gb |
+-------------+-------------+
|             |             |[6]
|             | gb de       |[5]
| wh          | ch ru es fr |[4]
| wh          | fr gb us de |[3]
| bk          | de ch ru es |[2]
| bk          | es fr gb us |[1]
| wh          | us de ch ru |[0]
+-------------+-------------+
                [3][2][1][0]

INFO AWT-EventQueue-0 de.htwg.se.mastermind.view.tui - 
The cell at [5],[2] has been set!
INFO AWT-EventQueue-0 de.htwg.se.mastermind.view.tui - 
Available Colors: yl, gr, rd, bl, or, pk, pu
INFO AWT-EventQueue-0 de.htwg.se.mastermind.view.tui - 
Possible Commands: n-new, q-quit, c-confirm row, xyco-set a color at x, y, s-show solution, zn-sets the size, h-show highscores
INFO AWT-EventQueue-0 de.htwg.se.mastermind.view.tui - 
Please enter command: 
INFO AWT-EventQueue-0 de.htwg.se.mastermind.view.tui - 
              +-------------+
              | gb ch gb gb |
+-------------+-------------+
|             |             |[6]
|             | gb ch       |[5]
| wh          | ch ru es fr |[4]
| wh          | fr gb us de |[3]
| bk          | de ch ru es |[2]
| bk          | es fr gb us |[1]
| wh          | us de ch ru |[0]
+-------------+-------------+
                [3][2][1][0]

INFO AWT-EventQueue-0 de.htwg.se.mastermind.view.tui - 
The cell at [5],[2] has been set!
INFO AWT-EventQueue-0 de.htwg.se.mastermind.view.tui - 
Available Colors: yl, gr, rd, bl, or, pk, pu
INFO AWT-EventQueue-0 de.htwg.se.mastermind.view.tui - 
Possible Commands: n-new, q-quit, c-confirm row, xyco-set a color at x, y, s-show solution, zn-sets the size, h-show highscores
INFO AWT-EventQueue-0 de.htwg.se.mastermind.view.tui - 
Please enter command: 
INFO AWT-EventQueue-0 de.htwg.se.mastermind.view.tui - 
              +-------------+
              | gb ch gb gb |
+-------------+-------------+
|             |             |[6]
|             | gb ch ru    |[5]
| wh          | ch ru es fr |[4]
| wh          | fr gb us de |[3]
| bk          | de ch ru es |[2]
| bk          | es fr gb us |[1]
| wh          | us de ch ru |[0]
+-------------+-------------+
                [3][2][1][0]

INFO AWT-EventQueue-0 de.htwg.se.mastermind.view.tui - 
The cell at [5],[1] has been set!
INFO AWT-EventQueue-0 de.htwg.se.mastermind.view.tui - 
Available Colors: yl, gr, rd, bl, or, pk, pu
INFO AWT-EventQueue-0 de.htwg.se.mastermind.view.tui - 
Possible Commands: n-new, q-quit, c-confirm row, xyco-set a color at x, y, s-show solution, zn-sets the size, h-show highscores
INFO AWT-EventQueue-0 de.htwg.se.mastermind.view.tui - 
Please enter command: 
INFO AWT-EventQueue-0 de.htwg.se.mastermind.view.tui - 
              +-------------+
              | gb ch gb gb |
+-------------+-------------+
|             |             |[6]
|             | gb ch es    |[5]
| wh          | ch ru es fr |[4]
| wh          | fr gb us de |[3]
| bk          | de ch ru es |[2]
| bk          | es fr gb us |[1]
| wh          | us de ch ru |[0]
+-------------+-------------+
                [3][2][1][0]

INFO AWT-EventQueue-0 de.htwg.se.mastermind.view.tui - 
The cell at [5],[1] has been set!
INFO AWT-EventQueue-0 de.htwg.se.mastermind.view.tui - 
Available Colors: yl, gr, rd, bl, or, pk, pu
INFO AWT-EventQueue-0 de.htwg.se.mastermind.view.tui - 
Possible Commands: n-new, q-quit, c-confirm row, xyco-set a color at x, y, s-show solution, zn-sets the size, h-show highscores
INFO AWT-EventQueue-0 de.htwg.se.mastermind.view.tui - 
Please enter command: 
INFO AWT-EventQueue-0 de.htwg.se.mastermind.view.tui - 
              +-------------+
              | gb ch gb gb |
+-------------+-------------+
|             |             |[6]
|             | gb ch fr    |[5]
| wh          | ch ru es fr |[4]
| wh          | fr gb us de |[3]
| bk          | de ch ru es |[2]
| bk          | es fr gb us |[1]
| wh          | us de ch ru |[0]
+-------------+-------------+
                [3][2][1][0]

INFO AWT-EventQueue-0 de.htwg.se.mastermind.view.tui - 
The cell at [5],[1] has been set!
INFO AWT-EventQueue-0 de.htwg.se.mastermind.view.tui - 
Available Colors: yl, gr, rd, bl, or, pk, pu
INFO AWT-EventQueue-0 de.htwg.se.mastermind.view.tui - 
Possible Commands: n-new, q-quit, c-confirm row, xyco-set a color at x, y, s-show solution, zn-sets the size, h-show highscores
INFO AWT-EventQueue-0 de.htwg.se.mastermind.view.tui - 
Please enter command: 
INFO AWT-EventQueue-0 de.htwg.se.mastermind.view.tui - 
              +-------------+
              | gb ch gb gb |
+-------------+-------------+
|             |             |[6]
|             | gb ch gb    |[5]
| wh          | ch ru es fr |[4]
| wh          | fr gb us de |[3]
| bk          | de ch ru es |[2]
| bk          | es fr gb us |[1]
| wh          | us de ch ru |[0]
+-------------+-------------+
                [3][2][1][0]

INFO AWT-EventQueue-0 de.htwg.se.mastermind.view.tui - 
The cell at [5],[1] has been set!
INFO AWT-EventQueue-0 de.htwg.se.mastermind.view.tui - 
Available Colors: yl, gr, rd, bl, or, pk, pu
INFO AWT-EventQueue-0 de.htwg.se.mastermind.view.tui - 
Possible Commands: n-new, q-quit, c-confirm row, xyco-set a color at x, y, s-show solution, zn-sets the size, h-show highscores
INFO AWT-EventQueue-0 de.htwg.se.mastermind.view.tui - 
Please enter command: 
INFO AWT-EventQueue-0 de.htwg.se.mastermind.view.tui - 
              +-------------+
              | gb ch gb gb |
+-------------+-------------+
|             |             |[6]
|             | gb ch gb us |[5]
| wh          | ch ru es fr |[4]
| wh          | fr gb us de |[3]
| bk          | de ch ru es |[2]
| bk          | es fr gb us |[1]
| wh          | us de ch ru |[0]
+-------------+-------------+
                [3][2][1][0]

INFO AWT-EventQueue-0 de.htwg.se.mastermind.view.tui - 
The cell at [5],[0] has been set!
INFO AWT-EventQueue-0 de.htwg.se.mastermind.view.tui - 
Available Colors: yl, gr, rd, bl, or, pk, pu
INFO AWT-EventQueue-0 de.htwg.se.mastermind.view.tui - 
Possible Commands: n-new, q-quit, c-confirm row, xyco-set a color at x, y, s-show solution, zn-sets the size, h-show highscores
INFO AWT-EventQueue-0 de.htwg.se.mastermind.view.tui - 
Please enter command: 
INFO AWT-EventQueue-0 de.htwg.se.mastermind.view.tui - 
              +-------------+
              | gb ch gb gb |
+-------------+-------------+
|             |             |[6]
|             | gb ch gb de |[5]
| wh          | ch ru es fr |[4]
| wh          | fr gb us de |[3]
| bk          | de ch ru es |[2]
| bk          | es fr gb us |[1]
| wh          | us de ch ru |[0]
+-------------+-------------+
                [3][2][1][0]

INFO AWT-EventQueue-0 de.htwg.se.mastermind.view.tui - 
The cell at [5],[0] has been set!
INFO AWT-EventQueue-0 de.htwg.se.mastermind.view.tui - 
Available Colors: yl, gr, rd, bl, or, pk, pu
INFO AWT-EventQueue-0 de.htwg.se.mastermind.view.tui - 
Possible Commands: n-new, q-quit, c-confirm row, xyco-set a color at x, y, s-show solution, zn-sets the size, h-show highscores
INFO AWT-EventQueue-0 de.htwg.se.mastermind.view.tui - 
Please enter command: 
