INFO AWT-EventQueue-0 de.htwg.se.mastermind.view.tui - 
Row [2] confirmed!
INFO AWT-EventQueue-0 de.htwg.se.mastermind.view.tui - 
Available Colors: yl, gr, rd, bl, or, pk, pu
INFO AWT-EventQueue-0 de.htwg.se.mastermind.view.tui - 
Possible Commands: n-new, q-quit, c-confirm row, xyco-set a color at x, y, s-show solution
INFO AWT-EventQueue-0 de.htwg.se.mastermind.view.tui - 
Please enter command: 
INFO AWT-EventQueue-0 de.htwg.se.mastermind.view.tui - 
              +-------------+
              | xx xx xx xx |
+-------------+-------------+
|             |             |[6]
|             |             |[5]
|             |             |[4]
|             | pk          |[3]
| wh wh       | gr bl rd or |[2]
| bk wh wh    | or pk pu yl |[1]
| wh          | yl bl gr rd |[0]
+-------------+-------------+
                [3][2][1][0]

INFO AWT-EventQueue-0 de.htwg.se.mastermind.view.tui - 
The cell at [3],[3] has been set!
INFO AWT-EventQueue-0 de.htwg.se.mastermind.view.tui - 
Available Colors: yl, gr, rd, bl, or, pk, pu
INFO AWT-EventQueue-0 de.htwg.se.mastermind.view.tui - 
Possible Commands: n-new, q-quit, c-confirm row, xyco-set a color at x, y, s-show solution
INFO AWT-EventQueue-0 de.htwg.se.mastermind.view.tui - 
Please enter command: 
INFO AWT-EventQueue-0 de.htwg.se.mastermind.view.tui - 
              +-------------+
              | xx xx xx xx |
+-------------+-------------+
|             |             |[6]
|             |             |[5]
|             |             |[4]
|             | pk pu       |[3]
| wh wh       | gr bl rd or |[2]
| bk wh wh    | or pk pu yl |[1]
| wh          | yl bl gr rd |[0]
+-------------+-------------+
                [3][2][1][0]

INFO AWT-EventQueue-0 de.htwg.se.mastermind.view.tui - 
The cell at [3],[2] has been set!
INFO AWT-EventQueue-0 de.htwg.se.mastermind.view.tui - 
Available Colors: yl, gr, rd, bl, or, pk, pu
INFO AWT-EventQueue-0 de.htwg.se.mastermind.view.tui - 
Possible Commands: n-new, q-quit, c-confirm row, xyco-set a color at x, y, s-show solution
INFO AWT-EventQueue-0 de.htwg.se.mastermind.view.tui - 
Please enter command: 
INFO AWT-EventQueue-0 de.htwg.se.mastermind.view.tui - 
              +-------------+
              | xx xx xx xx |
+-------------+-------------+
|             |             |[6]
|             |             |[5]
|             |             |[4]
|             | pk pu yl    |[3]
| wh wh       | gr bl rd or |[2]
| bk wh wh    | or pk pu yl |[1]
| wh          | yl bl gr rd |[0]
+-------------+-------------+
                [3][2][1][0]

INFO AWT-EventQueue-0 de.htwg.se.mastermind.view.tui - 
The cell at [3],[1] has been set!
INFO AWT-EventQueue-0 de.htwg.se.mastermind.view.tui - 
Available Colors: yl, gr, rd, bl, or, pk, pu
INFO AWT-EventQueue-0 de.htwg.se.mastermind.view.tui - 
Possible Commands: n-new, q-quit, c-confirm row, xyco-set a color at x, y, s-show solution
INFO AWT-EventQueue-0 de.htwg.se.mastermind.view.tui - 
Please enter command: 
INFO AWT-EventQueue-0 de.htwg.se.mastermind.view.tui - 
              +-------------+
              | xx xx xx xx |
+-------------+-------------+
|             |             |[6]
|             |             |[5]
|             |             |[4]
|             | pk pu yl bl |[3]
| wh wh       | gr bl rd or |[2]
| bk wh wh    | or pk pu yl |[1]
| wh          | yl bl gr rd |[0]
+-------------+-------------+
                [3][2][1][0]

INFO AWT-EventQueue-0 de.htwg.se.mastermind.view.tui - 
The cell at [3],[0] has been set!
INFO AWT-EventQueue-0 de.htwg.se.mastermind.view.tui - 
Available Colors: yl, gr, rd, bl, or, pk, pu
INFO AWT-EventQueue-0 de.htwg.se.mastermind.view.tui - 
Possible Commands: n-new, q-quit, c-confirm row, xyco-set a color at x, y, s-show solution
INFO AWT-EventQueue-0 de.htwg.se.mastermind.view.tui - 
Please enter command: 
INFO AWT-EventQueue-0 de.htwg.se.mastermind.view.tui - 
              +-------------+
              | xx xx xx xx |
+-------------+-------------+
|             |             |[6]
|             |             |[5]
|             |             |[4]
| bk bk wh    | pk pu yl bl |[3]
| wh wh       | gr bl rd or |[2]
| bk wh wh    | or pk pu yl |[1]
| wh          | yl bl gr rd |[0]
+-------------+-------------+
                [3][2][1][0]

INFO AWT-EventQueue-0 de.htwg.se.mastermind.view.tui - 
Row [3] confirmed!
INFO AWT-EventQueue-0 de.htwg.se.mastermind.view.tui - 
Available Colors: yl, gr, rd, bl, or, pk, pu
INFO AWT-EventQueue-0 de.htwg.se.mastermind.view.tui - 
Possible Commands: n-new, q-quit, c-confirm row, xyco-set a color at x, y, s-show solution
INFO AWT-EventQueue-0 de.htwg.se.mastermind.view.tui - 
Please enter command: 
INFO AWT-EventQueue-0 de.htwg.se.mastermind.view.tui - 
              +-------------+
              | xx xx xx xx |
+-------------+-------------+
|             |             |[6]
|             |             |[5]
|             | gr          |[4]
| bk bk wh    | pk pu yl bl |[3]
| wh wh       | gr bl rd or |[2]
| bk wh wh    | or pk pu yl |[1]
| wh          | yl bl gr rd |[0]
+-------------+-------------+
                [3][2][1][0]

INFO AWT-EventQueue-0 de.htwg.se.mastermind.view.tui - 
The cell at [4],[3] has been set!
INFO AWT-EventQueue-0 de.htwg.se.mastermind.view.tui - 
Available Colors: yl, gr, rd, bl, or, pk, pu
INFO AWT-EventQueue-0 de.htwg.se.mastermind.view.tui - 
Possible Commands: n-new, q-quit, c-confirm row, xyco-set a color at x, y, s-show solution
INFO AWT-EventQueue-0 de.htwg.se.mastermind.view.tui - 
Please enter command: 
INFO AWT-EventQueue-0 de.htwg.se.mastermind.view.tui - 
              +-------------+
              | xx xx xx xx |
+-------------+-------------+
|             |             |[6]
|             |             |[5]
|             | gr rd       |[4]
| bk bk wh    | pk pu yl bl |[3]
| wh wh       | gr bl rd or |[2]
| bk wh wh    | or pk pu yl |[1]
| wh          | yl bl gr rd |[0]
+-------------+-------------+
                [3][2][1][0]

INFO AWT-EventQueue-0 de.htwg.se.mastermind.view.tui - 
The cell at [4],[2] has been set!
INFO AWT-EventQueue-0 de.htwg.se.mastermind.view.tui - 
Available Colors: yl, gr, rd, bl, or, pk, pu
INFO AWT-EventQueue-0 de.htwg.se.mastermind.view.tui - 
Possible Commands: n-new, q-quit, c-confirm row, xyco-set a color at x, y, s-show solution
INFO AWT-EventQueue-0 de.htwg.se.mastermind.view.tui - 
Please enter command: 
INFO AWT-EventQueue-0 de.htwg.se.mastermind.view.tui - 
              +-------------+
              | xx xx xx xx |
+-------------+-------------+
|             |             |[6]
|             |             |[5]
|             | gr rd or    |[4]
| bk bk wh    | pk pu yl bl |[3]
| wh wh       | gr bl rd or |[2]
| bk wh wh    | or pk pu yl |[1]
| wh          | yl bl gr rd |[0]
+-------------+-------------+
                [3][2][1][0]

INFO AWT-EventQueue-0 de.htwg.se.mastermind.view.tui - 
The cell at [4],[1] has been set!
INFO AWT-EventQueue-0 de.htwg.se.mastermind.view.tui - 
Available Colors: yl, gr, rd, bl, or, pk, pu
INFO AWT-EventQueue-0 de.htwg.se.mastermind.view.tui - 
Possible Commands: n-new, q-quit, c-confirm row, xyco-set a color at x, y, s-show solution
INFO AWT-EventQueue-0 de.htwg.se.mastermind.view.tui - 
Please enter command: 
INFO AWT-EventQueue-0 de.htwg.se.mastermind.view.tui - 
              +-------------+
              | xx xx xx xx |
+-------------+-------------+
|             |             |[6]
|             |             |[5]
|             | gr rd or pk |[4]
| bk bk wh    | pk pu yl bl |[3]
| wh wh       | gr bl rd or |[2]
| bk wh wh    | or pk pu yl |[1]
| wh          | yl bl gr rd |[0]
+-------------+-------------+
                [3][2][1][0]

INFO AWT-EventQueue-0 de.htwg.se.mastermind.view.tui - 
The cell at [4],[0] has been set!
INFO AWT-EventQueue-0 de.htwg.se.mastermind.view.tui - 
Available Colors: yl, gr, rd, bl, or, pk, pu
INFO AWT-EventQueue-0 de.htwg.se.mastermind.view.tui - 
Possible Commands: n-new, q-quit, c-confirm row, xyco-set a color at x, y, s-show solution
INFO AWT-EventQueue-0 de.htwg.se.mastermind.view.tui - 
Please enter command: 
INFO AWT-EventQueue-0 de.htwg.se.mastermind.view.tui - 
              +-------------+
              | xx xx xx xx |
+-------------+-------------+
|             |             |[6]
|             |             |[5]
| wh wh       | gr rd or pk |[4]
| bk bk wh    | pk pu yl bl |[3]
| wh wh       | gr bl rd or |[2]
| bk wh wh    | or pk pu yl |[1]
| wh          | yl bl gr rd |[0]
+-------------+-------------+
                [3][2][1][0]

INFO AWT-EventQueue-0 de.htwg.se.mastermind.view.tui - 
Row [4] confirmed!
INFO AWT-EventQueue-0 de.htwg.se.mastermind.view.tui - 
Available Colors: yl, gr, rd, bl, or, pk, pu
INFO AWT-EventQueue-0 de.htwg.se.mastermind.view.tui - 
Possible Commands: n-new, q-quit, c-confirm row, xyco-set a color at x, y, s-show solution
INFO AWT-EventQueue-0 de.htwg.se.mastermind.view.tui - 
Please enter command: 
INFO AWT-EventQueue-0 de.htwg.se.mastermind.view.tui - 
              +-------------+
              | xx xx xx xx |
+-------------+-------------+
|             |             |[6]
|             | pu          |[5]
| wh wh       | gr rd or pk |[4]
| bk bk wh    | pk pu yl bl |[3]
| wh wh       | gr bl rd or |[2]
| bk wh wh    | or pk pu yl |[1]
| wh          | yl bl gr rd |[0]
+-------------+-------------+
                [3][2][1][0]

INFO AWT-EventQueue-0 de.htwg.se.mastermind.view.tui - 
The cell at [5],[3] has been set!
INFO AWT-EventQueue-0 de.htwg.se.mastermind.view.tui - 
Available Colors: yl, gr, rd, bl, or, pk, pu
INFO AWT-EventQueue-0 de.htwg.se.mastermind.view.tui - 
Possible Commands: n-new, q-quit, c-confirm row, xyco-set a color at x, y, s-show solution
INFO AWT-EventQueue-0 de.htwg.se.mastermind.view.tui - 
Please enter command: 
INFO AWT-EventQueue-0 de.htwg.se.mastermind.view.tui - 
              +-------------+
              | xx xx xx xx |
+-------------+-------------+
|             |             |[6]
|             | pu yl       |[5]
| wh wh       | gr rd or pk |[4]
| bk bk wh    | pk pu yl bl |[3]
| wh wh       | gr bl rd or |[2]
| bk wh wh    | or pk pu yl |[1]
| wh          | yl bl gr rd |[0]
+-------------+-------------+
                [3][2][1][0]

INFO AWT-EventQueue-0 de.htwg.se.mastermind.view.tui - 
The cell at [5],[2] has been set!
INFO AWT-EventQueue-0 de.htwg.se.mastermind.view.tui - 
Available Colors: yl, gr, rd, bl, or, pk, pu
INFO AWT-EventQueue-0 de.htwg.se.mastermind.view.tui - 
Possible Commands: n-new, q-quit, c-confirm row, xyco-set a color at x, y, s-show solution
INFO AWT-EventQueue-0 de.htwg.se.mastermind.view.tui - 
Please enter command: 
INFO AWT-EventQueue-0 de.htwg.se.mastermind.view.tui - 
              +-------------+
              | xx xx xx xx |
+-------------+-------------+
|             |             |[6]
|             | pu yl bl    |[5]
| wh wh       | gr rd or pk |[4]
| bk bk wh    | pk pu yl bl |[3]
| wh wh       | gr bl rd or |[2]
| bk wh wh    | or pk pu yl |[1]
| wh          | yl bl gr rd |[0]
+-------------+-------------+
                [3][2][1][0]

INFO AWT-EventQueue-0 de.htwg.se.mastermind.view.tui - 
The cell at [5],[1] has been set!
INFO AWT-EventQueue-0 de.htwg.se.mastermind.view.tui - 
Available Colors: yl, gr, rd, bl, or, pk, pu
INFO AWT-EventQueue-0 de.htwg.se.mastermind.view.tui - 
Possible Commands: n-new, q-quit, c-confirm row, xyco-set a color at x, y, s-show solution
INFO AWT-EventQueue-0 de.htwg.se.mastermind.view.tui - 
Please enter command: 
INFO AWT-EventQueue-0 de.htwg.se.mastermind.view.tui - 
              +-------------+
              | xx xx xx xx |
+-------------+-------------+
|             |             |[6]
|             | pu yl bl gr |[5]
| wh wh       | gr rd or pk |[4]
| bk bk wh    | pk pu yl bl |[3]
| wh wh       | gr bl rd or |[2]
| bk wh wh    | or pk pu yl |[1]
| wh          | yl bl gr rd |[0]
+-------------+-------------+
                [3][2][1][0]

INFO AWT-EventQueue-0 de.htwg.se.mastermind.view.tui - 
The cell at [5],[0] has been set!
INFO AWT-EventQueue-0 de.htwg.se.mastermind.view.tui - 
Available Colors: yl, gr, rd, bl, or, pk, pu
INFO AWT-EventQueue-0 de.htwg.se.mastermind.view.tui - 
Possible Commands: n-new, q-quit, c-confirm row, xyco-set a color at x, y, s-show solution
INFO AWT-EventQueue-0 de.htwg.se.mastermind.view.tui - 
Please enter command: 
INFO AWT-EventQueue-0 de.htwg.se.mastermind.view.tui - 
              +-------------+
              | xx xx xx xx |
+-------------+-------------+
|             |             |[6]
| wh wh       | pu yl bl gr |[5]
| wh wh       | gr rd or pk |[4]
| bk bk wh    | pk pu yl bl |[3]
| wh wh       | gr bl rd or |[2]
| bk wh wh    | or pk pu yl |[1]
| wh          | yl bl gr rd |[0]
+-------------+-------------+
                [3][2][1][0]

INFO AWT-EventQueue-0 de.htwg.se.mastermind.view.tui - 
Row [5] confirmed!
INFO AWT-EventQueue-0 de.htwg.se.mastermind.view.tui - 
Available Colors: yl, gr, rd, bl, or, pk, pu
INFO AWT-EventQueue-0 de.htwg.se.mastermind.view.tui - 
Possible Commands: n-new, q-quit, c-confirm row, xyco-set a color at x, y, s-show solution
INFO AWT-EventQueue-0 de.htwg.se.mastermind.view.tui - 
Please enter command: 
INFO AWT-EventQueue-0 de.htwg.se.mastermind.view.tui - 
              +-------------+
              | xx xx xx xx |
+-------------+-------------+
|             | rd          |[6]
| wh wh       | pu yl bl gr |[5]
| wh wh       | gr rd or pk |[4]
| bk bk wh    | pk pu yl bl |[3]
| wh wh       | gr bl rd or |[2]
| bk wh wh    | or pk pu yl |[1]
| wh          | yl bl gr rd |[0]
+-------------+-------------+
                [3][2][1][0]

INFO AWT-EventQueue-0 de.htwg.se.mastermind.view.tui - 
The cell at [6],[3] has been set!
INFO AWT-EventQueue-0 de.htwg.se.mastermind.view.tui - 
Available Colors: yl, gr, rd, bl, or, pk, pu
INFO AWT-EventQueue-0 de.htwg.se.mastermind.view.tui - 
Possible Commands: n-new, q-quit, c-confirm row, xyco-set a color at x, y, s-show solution
INFO AWT-EventQueue-0 de.htwg.se.mastermind.view.tui - 
Please enter command: 
INFO AWT-EventQueue-0 de.htwg.se.mastermind.view.tui - 
              +-------------+
              | xx xx xx xx |
+-------------+-------------+
|             | rd or       |[6]
| wh wh       | pu yl bl gr |[5]
| wh wh       | gr rd or pk |[4]
| bk bk wh    | pk pu yl bl |[3]
| wh wh       | gr bl rd or |[2]
| bk wh wh    | or pk pu yl |[1]
| wh          | yl bl gr rd |[0]
+-------------+-------------+
                [3][2][1][0]

INFO AWT-EventQueue-0 de.htwg.se.mastermind.view.tui - 
The cell at [6],[2] has been set!
INFO AWT-EventQueue-0 de.htwg.se.mastermind.view.tui - 
Available Colors: yl, gr, rd, bl, or, pk, pu
INFO AWT-EventQueue-0 de.htwg.se.mastermind.view.tui - 
Possible Commands: n-new, q-quit, c-confirm row, xyco-set a color at x, y, s-show solution
INFO AWT-EventQueue-0 de.htwg.se.mastermind.view.tui - 
Please enter command: 
INFO AWT-EventQueue-0 de.htwg.se.mastermind.view.tui - 
              +-------------+
              | xx xx xx xx |
+-------------+-------------+
|             | rd or pk    |[6]
| wh wh       | pu yl bl gr |[5]
| wh wh       | gr rd or pk |[4]
| bk bk wh    | pk pu yl bl |[3]
| wh wh       | gr bl rd or |[2]
| bk wh wh    | or pk pu yl |[1]
| wh          | yl bl gr rd |[0]
+-------------+-------------+
                [3][2][1][0]

INFO AWT-EventQueue-0 de.htwg.se.mastermind.view.tui - 
The cell at [6],[1] has been set!
INFO AWT-EventQueue-0 de.htwg.se.mastermind.view.tui - 
Available Colors: yl, gr, rd, bl, or, pk, pu
INFO AWT-EventQueue-0 de.htwg.se.mastermind.view.tui - 
Possible Commands: n-new, q-quit, c-confirm row, xyco-set a color at x, y, s-show solution
INFO AWT-EventQueue-0 de.htwg.se.mastermind.view.tui - 
Please enter command: 
INFO AWT-EventQueue-0 de.htwg.se.mastermind.view.tui - 
              +-------------+
              | xx xx xx xx |
+-------------+-------------+
|             | rd or pk pu |[6]
| wh wh       | pu yl bl gr |[5]
| wh wh       | gr rd or pk |[4]
| bk bk wh    | pk pu yl bl |[3]
| wh wh       | gr bl rd or |[2]
| bk wh wh    | or pk pu yl |[1]
| wh          | yl bl gr rd |[0]
+-------------+-------------+
                [3][2][1][0]

INFO AWT-EventQueue-0 de.htwg.se.mastermind.view.tui - 
The cell at [6],[0] has been set!
INFO AWT-EventQueue-0 de.htwg.se.mastermind.view.tui - 
Available Colors: yl, gr, rd, bl, or, pk, pu
INFO AWT-EventQueue-0 de.htwg.se.mastermind.view.tui - 
Possible Commands: n-new, q-quit, c-confirm row, xyco-set a color at x, y, s-show solution
INFO AWT-EventQueue-0 de.htwg.se.mastermind.view.tui - 
Please enter command: 
INFO AWT-EventQueue-0 de.htwg.se.mastermind.view.tui - 
              +-------------+
              | or pu pk bl |
+-------------+-------------+
| bk wh wh    | rd or pk pu |[6]
| wh wh       | pu yl bl gr |[5]
| wh wh       | gr rd or pk |[4]
| bk bk wh    | pk pu yl bl |[3]
| wh wh       | gr bl rd or |[2]
| bk wh wh    | or pk pu yl |[1]
| wh          | yl bl gr rd |[0]
+-------------+-------------+
                [3][2][1][0]

INFO AWT-EventQueue-0 de.htwg.se.mastermind.view.tui - 
You have lost!!
INFO AWT-EventQueue-0 de.htwg.se.mastermind.view.tui - 
Available Colors: yl, gr, rd, bl, or, pk, pu
INFO AWT-EventQueue-0 de.htwg.se.mastermind.view.tui - 
Possible Commands: n-new, q-quit, c-confirm row, xyco-set a color at x, y, s-show solution
INFO AWT-EventQueue-0 de.htwg.se.mastermind.view.tui - 
Please enter command: 
INFO main de.htwg.se.mastermind.view.tui - 
              +-------------+
              | xx xx xx xx |
+-------------+-------------+
|             |             |[6]
|             |             |[5]
|             |             |[4]
|             |             |[3]
|             |             |[2]
|             |             |[1]
|             |             |[0]
+-------------+-------------+
                [3][2][1][0]

INFO main de.htwg.se.mastermind.view.tui - 
New game has been created!
INFO main de.htwg.se.mastermind.view.tui - 
Available Colors: yl, gr, rd, bl, or, pk, pu
INFO main de.htwg.se.mastermind.view.tui - 
Possible Commands: n-new, q-quit, c-confirm row, xyco-set a color at x, y, s-show solution
INFO main de.htwg.se.mastermind.view.tui - 
Please enter command: 
INFO AWT-EventQueue-0 de.htwg.se.mastermind.view.tui - 
              +-------------+
              | xx xx xx xx |
+-------------+-------------+
|             |             |[2]
|             |             |[1]
|             |             |[0]
+-------------+-------------+
                [3][2][1][0]

INFO AWT-EventQueue-0 de.htwg.se.mastermind.view.tui - 
New game has been created!
INFO AWT-EventQueue-0 de.htwg.se.mastermind.view.tui - 
Available Colors: yl, gr, rd, bl, or, pk, pu
INFO AWT-EventQueue-0 de.htwg.se.mastermind.view.tui - 
Possible Commands: n-new, q-quit, c-confirm row, xyco-set a color at x, y, s-show solution
INFO AWT-EventQueue-0 de.htwg.se.mastermind.view.tui - 
Please enter command: 
INFO AWT-EventQueue-0 de.htwg.se.mastermind.view.tui - 
              +-------------+
              | xx xx xx xx |
+-------------+-------------+
|             |             |[2]
|             |             |[1]
|             | yl          |[0]
+-------------+-------------+
                [3][2][1][0]

INFO AWT-EventQueue-0 de.htwg.se.mastermind.view.tui - 
The cell at [0],[3] has been set!
INFO AWT-EventQueue-0 de.htwg.se.mastermind.view.tui - 
Available Colors: yl, gr, rd, bl, or, pk, pu
INFO AWT-EventQueue-0 de.htwg.se.mastermind.view.tui - 
Possible Commands: n-new, q-quit, c-confirm row, xyco-set a color at x, y, s-show solution
INFO AWT-EventQueue-0 de.htwg.se.mastermind.view.tui - 
Please enter command: 
INFO AWT-EventQueue-0 de.htwg.se.mastermind.view.tui - 
              +-------------+
              | xx xx xx xx |
+-------------+-------------+
|             |             |[2]
|             |             |[1]
|             | yl bl       |[0]
+-------------+-------------+
                [3][2][1][0]

INFO AWT-EventQueue-0 de.htwg.se.mastermind.view.tui - 
The cell at [0],[2] has been set!
INFO AWT-EventQueue-0 de.htwg.se.mastermind.view.tui - 
Available Colors: yl, gr, rd, bl, or, pk, pu
INFO AWT-EventQueue-0 de.htwg.se.mastermind.view.tui - 
Possible Commands: n-new, q-quit, c-confirm row, xyco-set a color at x, y, s-show solution
INFO AWT-EventQueue-0 de.htwg.se.mastermind.view.tui - 
Please enter command: 
INFO AWT-EventQueue-0 de.htwg.se.mastermind.view.tui - 
              +-------------+
              | xx xx xx xx |
+-------------+-------------+
|             |             |[2]
|             |             |[1]
|             | yl bl gr    |[0]
+-------------+-------------+
                [3][2][1][0]

INFO AWT-EventQueue-0 de.htwg.se.mastermind.view.tui - 
The cell at [0],[1] has been set!
INFO AWT-EventQueue-0 de.htwg.se.mastermind.view.tui - 
Available Colors: yl, gr, rd, bl, or, pk, pu
INFO AWT-EventQueue-0 de.htwg.se.mastermind.view.tui - 
Possible Commands: n-new, q-quit, c-confirm row, xyco-set a color at x, y, s-show solution
INFO AWT-EventQueue-0 de.htwg.se.mastermind.view.tui - 
Please enter command: 
INFO AWT-EventQueue-0 de.htwg.se.mastermind.view.tui - 
              +-------------+
              | xx xx xx xx |
+-------------+-------------+
|             |             |[2]
|             |             |[1]
|             | yl bl gr rd |[0]
+-------------+-------------+
                [3][2][1][0]

INFO AWT-EventQueue-0 de.htwg.se.mastermind.view.tui - 
The cell at [0],[0] has been set!
INFO AWT-EventQueue-0 de.htwg.se.mastermind.view.tui - 
Available Colors: yl, gr, rd, bl, or, pk, pu
INFO AWT-EventQueue-0 de.htwg.se.mastermind.view.tui - 
Possible Commands: n-new, q-quit, c-confirm row, xyco-set a color at x, y, s-show solution
INFO AWT-EventQueue-0 de.htwg.se.mastermind.view.tui - 
Please enter command: 
INFO AWT-EventQueue-0 de.htwg.se.mastermind.view.tui - 
              +-------------+
              | xx xx xx xx |
+-------------+-------------+
|             |             |[2]
|             |             |[1]
|             | or bl gr rd |[0]
+-------------+-------------+
                [3][2][1][0]

INFO AWT-EventQueue-0 de.htwg.se.mastermind.view.tui - 
The cell at [0],[3] has been set!
INFO AWT-EventQueue-0 de.htwg.se.mastermind.view.tui - 
Available Colors: yl, gr, rd, bl, or, pk, pu
INFO AWT-EventQueue-0 de.htwg.se.mastermind.view.tui - 
Possible Commands: n-new, q-quit, c-confirm row, xyco-set a color at x, y, s-show solution
INFO AWT-EventQueue-0 de.htwg.se.mastermind.view.tui - 
Please enter command: 
INFO AWT-EventQueue-0 de.htwg.se.mastermind.view.tui - 
              +-------------+
              | xx xx xx xx |
+-------------+-------------+
|             |             |[2]
|             |             |[1]
|             | pk bl gr rd |[0]
+-------------+-------------+
                [3][2][1][0]

INFO AWT-EventQueue-0 de.htwg.se.mastermind.view.tui - 
The cell at [0],[3] has been set!
INFO AWT-EventQueue-0 de.htwg.se.mastermind.view.tui - 
Available Colors: yl, gr, rd, bl, or, pk, pu
INFO AWT-EventQueue-0 de.htwg.se.mastermind.view.tui - 
Possible Commands: n-new, q-quit, c-confirm row, xyco-set a color at x, y, s-show solution
INFO AWT-EventQueue-0 de.htwg.se.mastermind.view.tui - 
Please enter command: 
INFO AWT-EventQueue-0 de.htwg.se.mastermind.view.tui - 
              +-------------+
              | xx xx xx xx |
+-------------+-------------+
|             |             |[2]
|             |             |[1]
|             | pk bl pu rd |[0]
+-------------+-------------+
                [3][2][1][0]

INFO AWT-EventQueue-0 de.htwg.se.mastermind.view.tui - 
The cell at [0],[1] has been set!
INFO AWT-EventQueue-0 de.htwg.se.mastermind.view.tui - 
Available Colors: yl, gr, rd, bl, or, pk, pu
INFO AWT-EventQueue-0 de.htwg.se.mastermind.view.tui - 
Possible Commands: n-new, q-quit, c-confirm row, xyco-set a color at x, y, s-show solution
INFO AWT-EventQueue-0 de.htwg.se.mastermind.view.tui - 
Please enter command: 
INFO AWT-EventQueue-0 de.htwg.se.mastermind.view.tui - 
              +-------------+
              | xx xx xx xx |
+-------------+-------------+
|             |             |[2]
|             |             |[1]
|             | pk bl yl rd |[0]
+-------------+-------------+
                [3][2][1][0]

INFO AWT-EventQueue-0 de.htwg.se.mastermind.view.tui - 
The cell at [0],[1] has been set!
INFO AWT-EventQueue-0 de.htwg.se.mastermind.view.tui - 
Available Colors: yl, gr, rd, bl, or, pk, pu
INFO AWT-EventQueue-0 de.htwg.se.mastermind.view.tui - 
Possible Commands: n-new, q-quit, c-confirm row, xyco-set a color at x, y, s-show solution
INFO AWT-EventQueue-0 de.htwg.se.mastermind.view.tui - 
Please enter command: 
INFO AWT-EventQueue-0 de.htwg.se.mastermind.view.tui - 
              +-------------+
              | xx xx xx xx |
+-------------+-------------+
|             |             |[2]
|             |             |[1]
|             | pk bl yl bl |[0]
+-------------+-------------+
                [3][2][1][0]

INFO AWT-EventQueue-0 de.htwg.se.mastermind.view.tui - 
The cell at [0],[0] has been set!
INFO AWT-EventQueue-0 de.htwg.se.mastermind.view.tui - 
Available Colors: yl, gr, rd, bl, or, pk, pu
INFO AWT-EventQueue-0 de.htwg.se.mastermind.view.tui - 
Possible Commands: n-new, q-quit, c-confirm row, xyco-set a color at x, y, s-show solution
INFO AWT-EventQueue-0 de.htwg.se.mastermind.view.tui - 
Please enter command: 
INFO AWT-EventQueue-0 de.htwg.se.mastermind.view.tui - 
              +-------------+
              | xx xx xx xx |
+-------------+-------------+
|             |             |[2]
|             |             |[1]
|             | gr bl yl bl |[0]
+-------------+-------------+
                [3][2][1][0]

INFO AWT-EventQueue-0 de.htwg.se.mastermind.view.tui - 
The cell at [0],[3] has been set!
INFO AWT-EventQueue-0 de.htwg.se.mastermind.view.tui - 
Available Colors: yl, gr, rd, bl, or, pk, pu
INFO AWT-EventQueue-0 de.htwg.se.mastermind.view.tui - 
Possible Commands: n-new, q-quit, c-confirm row, xyco-set a color at x, y, s-show solution
INFO AWT-EventQueue-0 de.htwg.se.mastermind.view.tui - 
Please enter command: 
INFO AWT-EventQueue-0 de.htwg.se.mastermind.view.tui - 
              +-------------+
              | xx xx xx xx |
+-------------+-------------+
|             |             |[2]
|             |             |[1]
| bk wh wh    | gr bl yl bl |[0]
+-------------+-------------+
                [3][2][1][0]

INFO AWT-EventQueue-0 de.htwg.se.mastermind.view.tui - 
Row [0] confirmed!
INFO AWT-EventQueue-0 de.htwg.se.mastermind.view.tui - 
Available Colors: yl, gr, rd, bl, or, pk, pu
INFO AWT-EventQueue-0 de.htwg.se.mastermind.view.tui - 
Possible Commands: n-new, q-quit, c-confirm row, xyco-set a color at x, y, s-show solution
INFO AWT-EventQueue-0 de.htwg.se.mastermind.view.tui - 
Please enter command: 
INFO AWT-EventQueue-0 de.htwg.se.mastermind.view.tui - 
              +-------------+
              | xx xx xx xx |
+-------------+-------------+
|             |             |[2]
|             | rd          |[1]
| bk wh wh    | gr bl yl bl |[0]
+-------------+-------------+
                [3][2][1][0]

INFO AWT-EventQueue-0 de.htwg.se.mastermind.view.tui - 
The cell at [1],[3] has been set!
INFO AWT-EventQueue-0 de.htwg.se.mastermind.view.tui - 
Available Colors: yl, gr, rd, bl, or, pk, pu
INFO AWT-EventQueue-0 de.htwg.se.mastermind.view.tui - 
Possible Commands: n-new, q-quit, c-confirm row, xyco-set a color at x, y, s-show solution
INFO AWT-EventQueue-0 de.htwg.se.mastermind.view.tui - 
Please enter command: 
INFO AWT-EventQueue-0 de.htwg.se.mastermind.view.tui - 
              +-------------+
              | xx xx xx xx |
+-------------+-------------+
|             |             |[2]
|             | rd or       |[1]
| bk wh wh    | gr bl yl bl |[0]
+-------------+-------------+
                [3][2][1][0]

INFO AWT-EventQueue-0 de.htwg.se.mastermind.view.tui - 
The cell at [1],[2] has been set!
INFO AWT-EventQueue-0 de.htwg.se.mastermind.view.tui - 
Available Colors: yl, gr, rd, bl, or, pk, pu
INFO AWT-EventQueue-0 de.htwg.se.mastermind.view.tui - 
Possible Commands: n-new, q-quit, c-confirm row, xyco-set a color at x, y, s-show solution
INFO AWT-EventQueue-0 de.htwg.se.mastermind.view.tui - 
Please enter command: 
INFO AWT-EventQueue-0 de.htwg.se.mastermind.view.tui - 
              +-------------+
              | xx xx xx xx |
+-------------+-------------+
|             |             |[2]
|             | rd or pk    |[1]
| bk wh wh    | gr bl yl bl |[0]
+-------------+-------------+
                [3][2][1][0]

INFO AWT-EventQueue-0 de.htwg.se.mastermind.view.tui - 
The cell at [1],[1] has been set!
INFO AWT-EventQueue-0 de.htwg.se.mastermind.view.tui - 
Available Colors: yl, gr, rd, bl, or, pk, pu
INFO AWT-EventQueue-0 de.htwg.se.mastermind.view.tui - 
Possible Commands: n-new, q-quit, c-confirm row, xyco-set a color at x, y, s-show solution
INFO AWT-EventQueue-0 de.htwg.se.mastermind.view.tui - 
Please enter command: 
INFO AWT-EventQueue-0 de.htwg.se.mastermind.view.tui - 
              +-------------+
              | xx xx xx xx |
+-------------+-------------+
|             |             |[2]
|             | rd pu pk    |[1]
| bk wh wh    | gr bl yl bl |[0]
+-------------+-------------+
                [3][2][1][0]

INFO AWT-EventQueue-0 de.htwg.se.mastermind.view.tui - 
The cell at [1],[2] has been set!
INFO AWT-EventQueue-0 de.htwg.se.mastermind.view.tui - 
Available Colors: yl, gr, rd, bl, or, pk, pu
INFO AWT-EventQueue-0 de.htwg.se.mastermind.view.tui - 
Possible Commands: n-new, q-quit, c-confirm row, xyco-set a color at x, y, s-show solution
INFO AWT-EventQueue-0 de.htwg.se.mastermind.view.tui - 
Please enter command: 
INFO AWT-EventQueue-0 de.htwg.se.mastermind.view.tui - 
              +-------------+
              | xx xx xx xx |
+-------------+-------------+
|             |             |[2]
|             | yl pu pk    |[1]
| bk wh wh    | gr bl yl bl |[0]
+-------------+-------------+
                [3][2][1][0]

INFO AWT-EventQueue-0 de.htwg.se.mastermind.view.tui - 
The cell at [1],[3] has been set!
INFO AWT-EventQueue-0 de.htwg.se.mastermind.view.tui - 
Available Colors: yl, gr, rd, bl, or, pk, pu
INFO AWT-EventQueue-0 de.htwg.se.mastermind.view.tui - 
Possible Commands: n-new, q-quit, c-confirm row, xyco-set a color at x, y, s-show solution
INFO AWT-EventQueue-0 de.htwg.se.mastermind.view.tui - 
Please enter command: 
INFO AWT-EventQueue-0 de.htwg.se.mastermind.view.tui - 
              +-------------+
              | xx xx xx xx |
+-------------+-------------+
|             |             |[2]
|             | yl pu pk bl |[1]
| bk wh wh    | gr bl yl bl |[0]
+-------------+-------------+
                [3][2][1][0]

INFO AWT-EventQueue-0 de.htwg.se.mastermind.view.tui - 
The cell at [1],[0] has been set!
INFO AWT-EventQueue-0 de.htwg.se.mastermind.view.tui - 
Available Colors: yl, gr, rd, bl, or, pk, pu
INFO AWT-EventQueue-0 de.htwg.se.mastermind.view.tui - 
Possible Commands: n-new, q-quit, c-confirm row, xyco-set a color at x, y, s-show solution
INFO AWT-EventQueue-0 de.htwg.se.mastermind.view.tui - 
Please enter command: 
INFO AWT-EventQueue-0 de.htwg.se.mastermind.view.tui - 
              +-------------+
              | xx xx xx xx |
+-------------+-------------+
|             |             |[2]
| wh wh       | yl pu pk bl |[1]
| bk wh wh    | gr bl yl bl |[0]
+-------------+-------------+
                [3][2][1][0]

INFO AWT-EventQueue-0 de.htwg.se.mastermind.view.tui - 
Row [1] confirmed!
INFO AWT-EventQueue-0 de.htwg.se.mastermind.view.tui - 
Available Colors: yl, gr, rd, bl, or, pk, pu
INFO AWT-EventQueue-0 de.htwg.se.mastermind.view.tui - 
Possible Commands: n-new, q-quit, c-confirm row, xyco-set a color at x, y, s-show solution
INFO AWT-EventQueue-0 de.htwg.se.mastermind.view.tui - 
Please enter command: 
INFO AWT-EventQueue-0 de.htwg.se.mastermind.view.tui - 
              +-------------+
              | xx xx xx xx |
+-------------+-------------+
|             | gr          |[2]
| wh wh       | yl pu pk bl |[1]
| bk wh wh    | gr bl yl bl |[0]
+-------------+-------------+
                [3][2][1][0]

INFO AWT-EventQueue-0 de.htwg.se.mastermind.view.tui - 
The cell at [2],[3] has been set!
INFO AWT-EventQueue-0 de.htwg.se.mastermind.view.tui - 
Available Colors: yl, gr, rd, bl, or, pk, pu
INFO AWT-EventQueue-0 de.htwg.se.mastermind.view.tui - 
Possible Commands: n-new, q-quit, c-confirm row, xyco-set a color at x, y, s-show solution
INFO AWT-EventQueue-0 de.htwg.se.mastermind.view.tui - 
Please enter command: 
INFO AWT-EventQueue-0 de.htwg.se.mastermind.view.tui - 
              +-------------+
              | xx xx xx xx |
+-------------+-------------+
|             | gr rd       |[2]
| wh wh       | yl pu pk bl |[1]
| bk wh wh    | gr bl yl bl |[0]
+-------------+-------------+
                [3][2][1][0]

INFO AWT-EventQueue-0 de.htwg.se.mastermind.view.tui - 
The cell at [2],[2] has been set!
INFO AWT-EventQueue-0 de.htwg.se.mastermind.view.tui - 
Available Colors: yl, gr, rd, bl, or, pk, pu
INFO AWT-EventQueue-0 de.htwg.se.mastermind.view.tui - 
Possible Commands: n-new, q-quit, c-confirm row, xyco-set a color at x, y, s-show solution
INFO AWT-EventQueue-0 de.htwg.se.mastermind.view.tui - 
Please enter command: 
INFO AWT-EventQueue-0 de.htwg.se.mastermind.view.tui - 
              +-------------+
              | xx xx xx xx |
+-------------+-------------+
|             | gr rd or    |[2]
| wh wh       | yl pu pk bl |[1]
| bk wh wh    | gr bl yl bl |[0]
+-------------+-------------+
                [3][2][1][0]

INFO AWT-EventQueue-0 de.htwg.se.mastermind.view.tui - 
The cell at [2],[1] has been set!
INFO AWT-EventQueue-0 de.htwg.se.mastermind.view.tui - 
Available Colors: yl, gr, rd, bl, or, pk, pu
INFO AWT-EventQueue-0 de.htwg.se.mastermind.view.tui - 
Possible Commands: n-new, q-quit, c-confirm row, xyco-set a color at x, y, s-show solution
INFO AWT-EventQueue-0 de.htwg.se.mastermind.view.tui - 
Please enter command: 
INFO AWT-EventQueue-0 de.htwg.se.mastermind.view.tui - 
              +-------------+
              | xx xx xx xx |
+-------------+-------------+
|             | gr rd or pk |[2]
| wh wh       | yl pu pk bl |[1]
| bk wh wh    | gr bl yl bl |[0]
+-------------+-------------+
                [3][2][1][0]

INFO AWT-EventQueue-0 de.htwg.se.mastermind.view.tui - 
The cell at [2],[0] has been set!
INFO AWT-EventQueue-0 de.htwg.se.mastermind.view.tui - 
Available Colors: yl, gr, rd, bl, or, pk, pu
INFO AWT-EventQueue-0 de.htwg.se.mastermind.view.tui - 
Possible Commands: n-new, q-quit, c-confirm row, xyco-set a color at x, y, s-show solution
INFO AWT-EventQueue-0 de.htwg.se.mastermind.view.tui - 
Please enter command: 
INFO AWT-EventQueue-0 de.htwg.se.mastermind.view.tui - 
              +-------------+
              | bl rd yl gr |
+-------------+-------------+
| bk wh       | gr rd or pk |[2]
| wh wh       | yl pu pk bl |[1]
| bk wh wh    | gr bl yl bl |[0]
+-------------+-------------+
                [3][2][1][0]

INFO AWT-EventQueue-0 de.htwg.se.mastermind.view.tui - 
You have lost!!
INFO AWT-EventQueue-0 de.htwg.se.mastermind.view.tui - 
Available Colors: yl, gr, rd, bl, or, pk, pu
INFO AWT-EventQueue-0 de.htwg.se.mastermind.view.tui - 
Possible Commands: n-new, q-quit, c-confirm row, xyco-set a color at x, y, s-show solution
INFO AWT-EventQueue-0 de.htwg.se.mastermind.view.tui - 
Please enter command: 
INFO main de.htwg.se.mastermind.view.tui - 
              +-------------+
              | xx xx xx xx |
+-------------+-------------+
|             |             |[6]
|             |             |[5]
|             |             |[4]
|             |             |[3]
|             |             |[2]
|             |             |[1]
|             |             |[0]
+-------------+-------------+
                [3][2][1][0]

INFO main de.htwg.se.mastermind.view.tui - 
New game has been created!
INFO main de.htwg.se.mastermind.view.tui - 
Available Colors: yl, gr, rd, bl, or, pk, pu
INFO main de.htwg.se.mastermind.view.tui - 
Possible Commands: n-new, q-quit, c-confirm row, xyco-set a color at x, y, s-show solution
INFO main de.htwg.se.mastermind.view.tui - 
Please enter command: 
INFO AWT-EventQueue-0 de.htwg.se.mastermind.view.tui - 
              +-------------+
              | xx xx xx xx |
+-------------+-------------+
|             |             |[2]
|             |             |[1]
|             |             |[0]
+-------------+-------------+
                [3][2][1][0]

INFO AWT-EventQueue-0 de.htwg.se.mastermind.view.tui - 
New game has been created!
INFO AWT-EventQueue-0 de.htwg.se.mastermind.view.tui - 
Available Colors: yl, gr, rd, bl, or, pk, pu
INFO AWT-EventQueue-0 de.htwg.se.mastermind.view.tui - 
Possible Commands: n-new, q-quit, c-confirm row, xyco-set a color at x, y, s-show solution
INFO AWT-EventQueue-0 de.htwg.se.mastermind.view.tui - 
Please enter command: 
INFO AWT-EventQueue-0 de.htwg.se.mastermind.view.tui - 
              +-------------+
              | xx xx xx xx |
+-------------+-------------+
|             |             |[2]
|             |             |[1]
|             | yl          |[0]
+-------------+-------------+
                [3][2][1][0]

INFO AWT-EventQueue-0 de.htwg.se.mastermind.view.tui - 
The cell at [0],[3] has been set!
INFO AWT-EventQueue-0 de.htwg.se.mastermind.view.tui - 
Available Colors: yl, gr, rd, bl, or, pk, pu
INFO AWT-EventQueue-0 de.htwg.se.mastermind.view.tui - 
Possible Commands: n-new, q-quit, c-confirm row, xyco-set a color at x, y, s-show solution
INFO AWT-EventQueue-0 de.htwg.se.mastermind.view.tui - 
Please enter command: 
INFO AWT-EventQueue-0 de.htwg.se.mastermind.view.tui - 
              +-------------+
              | xx xx xx xx |
+-------------+-------------+
|             |             |[2]
|             |             |[1]
|             | yl    bl    |[0]
+-------------+-------------+
                [3][2][1][0]

INFO AWT-EventQueue-0 de.htwg.se.mastermind.view.tui - 
The cell at [0],[1] has been set!
INFO AWT-EventQueue-0 de.htwg.se.mastermind.view.tui - 
Available Colors: yl, gr, rd, bl, or, pk, pu
INFO AWT-EventQueue-0 de.htwg.se.mastermind.view.tui - 
Possible Commands: n-new, q-quit, c-confirm row, xyco-set a color at x, y, s-show solution
INFO AWT-EventQueue-0 de.htwg.se.mastermind.view.tui - 
Please enter command: 
INFO AWT-EventQueue-0 de.htwg.se.mastermind.view.tui - 
              +-------------+
              | xx xx xx xx |
+-------------+-------------+
|             |             |[2]
|             |             |[1]
|             | yl gr bl    |[0]
+-------------+-------------+
                [3][2][1][0]

INFO AWT-EventQueue-0 de.htwg.se.mastermind.view.tui - 
The cell at [0],[2] has been set!
INFO AWT-EventQueue-0 de.htwg.se.mastermind.view.tui - 
Available Colors: yl, gr, rd, bl, or, pk, pu
INFO AWT-EventQueue-0 de.htwg.se.mastermind.view.tui - 
Possible Commands: n-new, q-quit, c-confirm row, xyco-set a color at x, y, s-show solution
INFO AWT-EventQueue-0 de.htwg.se.mastermind.view.tui - 
Please enter command: 
INFO AWT-EventQueue-0 de.htwg.se.mastermind.view.tui - 
              +-------------+
              | xx xx xx xx |
+-------------+-------------+
|             |             |[2]
|             |             |[1]
|             | yl gr bl rd |[0]
+-------------+-------------+
                [3][2][1][0]

INFO AWT-EventQueue-0 de.htwg.se.mastermind.view.tui - 
The cell at [0],[0] has been set!
INFO AWT-EventQueue-0 de.htwg.se.mastermind.view.tui - 
Available Colors: yl, gr, rd, bl, or, pk, pu
INFO AWT-EventQueue-0 de.htwg.se.mastermind.view.tui - 
Possible Commands: n-new, q-quit, c-confirm row, xyco-set a color at x, y, s-show solution
INFO AWT-EventQueue-0 de.htwg.se.mastermind.view.tui - 
Please enter command: 
INFO AWT-EventQueue-0 de.htwg.se.mastermind.view.tui - 
              +-------------+
              | xx xx xx xx |
+-------------+-------------+
|             |             |[2]
|             |             |[1]
| bk          | yl gr bl rd |[0]
+-------------+-------------+
                [3][2][1][0]

INFO AWT-EventQueue-0 de.htwg.se.mastermind.view.tui - 
Row [0] confirmed!
INFO AWT-EventQueue-0 de.htwg.se.mastermind.view.tui - 
Available Colors: yl, gr, rd, bl, or, pk, pu
INFO AWT-EventQueue-0 de.htwg.se.mastermind.view.tui - 
Possible Commands: n-new, q-quit, c-confirm row, xyco-set a color at x, y, s-show solution
INFO AWT-EventQueue-0 de.htwg.se.mastermind.view.tui - 
Please enter command: 
INFO AWT-EventQueue-0 de.htwg.se.mastermind.view.tui - 
              +-------------+
              | xx xx xx xx |
+-------------+-------------+
|             |             |[2]
|             | or          |[1]
| bk          | yl gr bl rd |[0]
+-------------+-------------+
                [3][2][1][0]

INFO AWT-EventQueue-0 de.htwg.se.mastermind.view.tui - 
The cell at [1],[3] has been set!
INFO AWT-EventQueue-0 de.htwg.se.mastermind.view.tui - 
Available Colors: yl, gr, rd, bl, or, pk, pu
INFO AWT-EventQueue-0 de.htwg.se.mastermind.view.tui - 
Possible Commands: n-new, q-quit, c-confirm row, xyco-set a color at x, y, s-show solution
INFO AWT-EventQueue-0 de.htwg.se.mastermind.view.tui - 
Please enter command: 
INFO AWT-EventQueue-0 de.htwg.se.mastermind.view.tui - 
              +-------------+
              | xx xx xx xx |
+-------------+-------------+
|             |             |[2]
|             | or pk       |[1]
| bk          | yl gr bl rd |[0]
+-------------+-------------+
                [3][2][1][0]

INFO AWT-EventQueue-0 de.htwg.se.mastermind.view.tui - 
The cell at [1],[2] has been set!
INFO AWT-EventQueue-0 de.htwg.se.mastermind.view.tui - 
Available Colors: yl, gr, rd, bl, or, pk, pu
INFO AWT-EventQueue-0 de.htwg.se.mastermind.view.tui - 
Possible Commands: n-new, q-quit, c-confirm row, xyco-set a color at x, y, s-show solution
INFO AWT-EventQueue-0 de.htwg.se.mastermind.view.tui - 
Please enter command: 
INFO AWT-EventQueue-0 de.htwg.se.mastermind.view.tui - 
              +-------------+
              | xx xx xx xx |
+-------------+-------------+
|             |             |[2]
|             | or pk pu    |[1]
| bk          | yl gr bl rd |[0]
+-------------+-------------+
                [3][2][1][0]

INFO AWT-EventQueue-0 de.htwg.se.mastermind.view.tui - 
The cell at [1],[1] has been set!
INFO AWT-EventQueue-0 de.htwg.se.mastermind.view.tui - 
Available Colors: yl, gr, rd, bl, or, pk, pu
INFO AWT-EventQueue-0 de.htwg.se.mastermind.view.tui - 
Possible Commands: n-new, q-quit, c-confirm row, xyco-set a color at x, y, s-show solution
INFO AWT-EventQueue-0 de.htwg.se.mastermind.view.tui - 
Please enter command: 
INFO AWT-EventQueue-0 de.htwg.se.mastermind.view.tui - 
              +-------------+
              | xx xx xx xx |
+-------------+-------------+
|             |             |[2]
|             | or pk pu yl |[1]
| bk          | yl gr bl rd |[0]
+-------------+-------------+
                [3][2][1][0]

INFO AWT-EventQueue-0 de.htwg.se.mastermind.view.tui - 
The cell at [1],[0] has been set!
INFO AWT-EventQueue-0 de.htwg.se.mastermind.view.tui - 
Available Colors: yl, gr, rd, bl, or, pk, pu
INFO AWT-EventQueue-0 de.htwg.se.mastermind.view.tui - 
Possible Commands: n-new, q-quit, c-confirm row, xyco-set a color at x, y, s-show solution
INFO AWT-EventQueue-0 de.htwg.se.mastermind.view.tui - 
Please enter command: 
INFO AWT-EventQueue-0 de.htwg.se.mastermind.view.tui - 
              +-------------+
              | xx xx xx xx |
+-------------+-------------+
|             |             |[2]
| bk          | or pk pu yl |[1]
| bk          | yl gr bl rd |[0]
+-------------+-------------+
                [3][2][1][0]

INFO AWT-EventQueue-0 de.htwg.se.mastermind.view.tui - 
Row [1] confirmed!
INFO AWT-EventQueue-0 de.htwg.se.mastermind.view.tui - 
Available Colors: yl, gr, rd, bl, or, pk, pu
INFO AWT-EventQueue-0 de.htwg.se.mastermind.view.tui - 
Possible Commands: n-new, q-quit, c-confirm row, xyco-set a color at x, y, s-show solution
INFO AWT-EventQueue-0 de.htwg.se.mastermind.view.tui - 
Please enter command: 
INFO AWT-EventQueue-0 de.htwg.se.mastermind.view.tui - 
              +-------------+
              | xx xx xx xx |
+-------------+-------------+
|             |    bl       |[2]
| bk          | or pk pu yl |[1]
| bk          | yl gr bl rd |[0]
+-------------+-------------+
                [3][2][1][0]

INFO AWT-EventQueue-0 de.htwg.se.mastermind.view.tui - 
The cell at [2],[2] has been set!
INFO AWT-EventQueue-0 de.htwg.se.mastermind.view.tui - 
Available Colors: yl, gr, rd, bl, or, pk, pu
INFO AWT-EventQueue-0 de.htwg.se.mastermind.view.tui - 
Possible Commands: n-new, q-quit, c-confirm row, xyco-set a color at x, y, s-show solution
INFO AWT-EventQueue-0 de.htwg.se.mastermind.view.tui - 
Please enter command: 
INFO AWT-EventQueue-0 de.htwg.se.mastermind.view.tui - 
              +-------------+
              | xx xx xx xx |
+-------------+-------------+
|             | gr bl       |[2]
| bk          | or pk pu yl |[1]
| bk          | yl gr bl rd |[0]
+-------------+-------------+
                [3][2][1][0]

INFO AWT-EventQueue-0 de.htwg.se.mastermind.view.tui - 
The cell at [2],[3] has been set!
INFO AWT-EventQueue-0 de.htwg.se.mastermind.view.tui - 
Available Colors: yl, gr, rd, bl, or, pk, pu
INFO AWT-EventQueue-0 de.htwg.se.mastermind.view.tui - 
Possible Commands: n-new, q-quit, c-confirm row, xyco-set a color at x, y, s-show solution
INFO AWT-EventQueue-0 de.htwg.se.mastermind.view.tui - 
Please enter command: 
INFO AWT-EventQueue-0 de.htwg.se.mastermind.view.tui - 
              +-------------+
              | xx xx xx xx |
+-------------+-------------+
|             | gr bl rd    |[2]
| bk          | or pk pu yl |[1]
| bk          | yl gr bl rd |[0]
+-------------+-------------+
                [3][2][1][0]

INFO AWT-EventQueue-0 de.htwg.se.mastermind.view.tui - 
The cell at [2],[1] has been set!
INFO AWT-EventQueue-0 de.htwg.se.mastermind.view.tui - 
Available Colors: yl, gr, rd, bl, or, pk, pu
INFO AWT-EventQueue-0 de.htwg.se.mastermind.view.tui - 
Possible Commands: n-new, q-quit, c-confirm row, xyco-set a color at x, y, s-show solution
INFO AWT-EventQueue-0 de.htwg.se.mastermind.view.tui - 
Please enter command: 
INFO AWT-EventQueue-0 de.htwg.se.mastermind.view.tui - 
              +-------------+
              | xx xx xx xx |
+-------------+-------------+
|             | gr bl rd or |[2]
| bk          | or pk pu yl |[1]
| bk          | yl gr bl rd |[0]
+-------------+-------------+
                [3][2][1][0]

INFO AWT-EventQueue-0 de.htwg.se.mastermind.view.tui - 
The cell at [2],[0] has been set!
INFO AWT-EventQueue-0 de.htwg.se.mastermind.view.tui - 
Available Colors: yl, gr, rd, bl, or, pk, pu
INFO AWT-EventQueue-0 de.htwg.se.mastermind.view.tui - 
Possible Commands: n-new, q-quit, c-confirm row, xyco-set a color at x, y, s-show solution
INFO AWT-EventQueue-0 de.htwg.se.mastermind.view.tui - 
Please enter command: 
INFO AWT-EventQueue-0 de.htwg.se.mastermind.view.tui - 
              +-------------+
              | or rd or rd |
+-------------+-------------+
| wh wh       | gr bl rd or |[2]
| bk          | or pk pu yl |[1]
| bk          | yl gr bl rd |[0]
+-------------+-------------+
                [3][2][1][0]

INFO AWT-EventQueue-0 de.htwg.se.mastermind.view.tui - 
You have lost!!
INFO AWT-EventQueue-0 de.htwg.se.mastermind.view.tui - 
Available Colors: yl, gr, rd, bl, or, pk, pu
INFO AWT-EventQueue-0 de.htwg.se.mastermind.view.tui - 
Possible Commands: n-new, q-quit, c-confirm row, xyco-set a color at x, y, s-show solution
INFO AWT-EventQueue-0 de.htwg.se.mastermind.view.tui - 
Please enter command: 
INFO main de.htwg.se.mastermind.view.tui - 
              +-------------+
              | xx xx xx xx |
+-------------+-------------+
|             |             |[6]
|             |             |[5]
|             |             |[4]
|             |             |[3]
|             |             |[2]
|             |             |[1]
|             |             |[0]
+-------------+-------------+
                [3][2][1][0]

INFO main de.htwg.se.mastermind.view.tui - 
New game has been created!
INFO main de.htwg.se.mastermind.view.tui - 
Available Colors: yl, gr, rd, bl, or, pk, pu
INFO main de.htwg.se.mastermind.view.tui - 
Possible Commands: n-new, q-quit, c-confirm row, xyco-set a color at x, y, s-show solution
INFO main de.htwg.se.mastermind.view.tui - 
Please enter command: 
INFO AWT-EventQueue-0 de.htwg.se.mastermind.view.tui - 
              +-------------+
              | xx xx xx xx |
+-------------+-------------+
|             |             |[2]
|             |             |[1]
|             |             |[0]
+-------------+-------------+
                [3][2][1][0]

INFO AWT-EventQueue-0 de.htwg.se.mastermind.view.tui - 
New game has been created!
INFO AWT-EventQueue-0 de.htwg.se.mastermind.view.tui - 
Available Colors: yl, gr, rd, bl, or, pk, pu
INFO AWT-EventQueue-0 de.htwg.se.mastermind.view.tui - 
Possible Commands: n-new, q-quit, c-confirm row, xyco-set a color at x, y, s-show solution
INFO AWT-EventQueue-0 de.htwg.se.mastermind.view.tui - 
Please enter command: 
INFO main de.htwg.se.mastermind.view.tui - 
              +-------------+
              | xx xx xx xx |
+-------------+-------------+
|             |             |[6]
|             |             |[5]
|             |             |[4]
|             |             |[3]
|             |             |[2]
|             |             |[1]
|             |             |[0]
+-------------+-------------+
                [3][2][1][0]

INFO main de.htwg.se.mastermind.view.tui - 
New game has been created!
INFO main de.htwg.se.mastermind.view.tui - 
Available Colors: yl, gr, rd, bl, or, pk, pu
INFO main de.htwg.se.mastermind.view.tui - 
Possible Commands: n-new, q-quit, c-confirm row, xyco-set a color at x, y, s-show solution
INFO main de.htwg.se.mastermind.view.tui - 
Please enter command: 
INFO AWT-EventQueue-0 de.htwg.se.mastermind.view.tui - 
              +-------------+
              | xx xx xx xx |
+-------------+-------------+
|             |             |[2]
|             |             |[1]
|             |             |[0]
+-------------+-------------+
                [3][2][1][0]

INFO AWT-EventQueue-0 de.htwg.se.mastermind.view.tui - 
New game has been created!
INFO AWT-EventQueue-0 de.htwg.se.mastermind.view.tui - 
Available Colors: yl, gr, rd, bl, or, pk, pu
INFO AWT-EventQueue-0 de.htwg.se.mastermind.view.tui - 
Possible Commands: n-new, q-quit, c-confirm row, xyco-set a color at x, y, s-show solution
INFO AWT-EventQueue-0 de.htwg.se.mastermind.view.tui - 
Please enter command: 
INFO main de.htwg.se.mastermind.view.tui - 
              +-------------+
              | xx xx xx xx |
+-------------+-------------+
|             |             |[6]
|             |             |[5]
|             |             |[4]
|             |             |[3]
|             |             |[2]
|             |             |[1]
|             |             |[0]
+-------------+-------------+
                [3][2][1][0]

INFO main de.htwg.se.mastermind.view.tui - 
New game has been created!
INFO main de.htwg.se.mastermind.view.tui - 
Available Colors: yl, gr, rd, bl, or, pk, pu
INFO main de.htwg.se.mastermind.view.tui - 
Possible Commands: n-new, q-quit, c-confirm row, xyco-set a color at x, y, s-show solution
INFO main de.htwg.se.mastermind.view.tui - 
Please enter command: 
INFO AWT-EventQueue-0 de.htwg.se.mastermind.view.tui - 
              +-------------+
              | xx xx xx xx |
+-------------+-------------+
|             |             |[2]
|             |             |[1]
|             |             |[0]
+-------------+-------------+
                [3][2][1][0]

INFO AWT-EventQueue-0 de.htwg.se.mastermind.view.tui - 
New game has been created!
INFO AWT-EventQueue-0 de.htwg.se.mastermind.view.tui - 
Available Colors: yl, gr, rd, bl, or, pk, pu
INFO AWT-EventQueue-0 de.htwg.se.mastermind.view.tui - 
Possible Commands: n-new, q-quit, c-confirm row, xyco-set a color at x, y, s-show solution
INFO AWT-EventQueue-0 de.htwg.se.mastermind.view.tui - 
Please enter command: 
INFO AWT-EventQueue-0 de.htwg.se.mastermind.view.tui - 
              +-------------+
              | xx xx xx xx |
+-------------+-------------+
|             |             |[2]
|             |             |[1]
|             | yl          |[0]
+-------------+-------------+
                [3][2][1][0]

INFO AWT-EventQueue-0 de.htwg.se.mastermind.view.tui - 
The cell at [0],[3] has been set!
INFO AWT-EventQueue-0 de.htwg.se.mastermind.view.tui - 
Available Colors: yl, gr, rd, bl, or, pk, pu
INFO AWT-EventQueue-0 de.htwg.se.mastermind.view.tui - 
Possible Commands: n-new, q-quit, c-confirm row, xyco-set a color at x, y, s-show solution
INFO AWT-EventQueue-0 de.htwg.se.mastermind.view.tui - 
Please enter command: 
INFO AWT-EventQueue-0 de.htwg.se.mastermind.view.tui - 
              +-------------+
              | xx xx xx xx |
+-------------+-------------+
|             |             |[2]
|             |             |[1]
|             | yl bl       |[0]
+-------------+-------------+
                [3][2][1][0]

INFO AWT-EventQueue-0 de.htwg.se.mastermind.view.tui - 
The cell at [0],[2] has been set!
INFO AWT-EventQueue-0 de.htwg.se.mastermind.view.tui - 
Available Colors: yl, gr, rd, bl, or, pk, pu
INFO AWT-EventQueue-0 de.htwg.se.mastermind.view.tui - 
Possible Commands: n-new, q-quit, c-confirm row, xyco-set a color at x, y, s-show solution
INFO AWT-EventQueue-0 de.htwg.se.mastermind.view.tui - 
Please enter command: 
INFO AWT-EventQueue-0 de.htwg.se.mastermind.view.tui - 
              +-------------+
              | xx xx xx xx |
+-------------+-------------+
|             |             |[2]
|             |             |[1]
|             | yl bl gr    |[0]
+-------------+-------------+
                [3][2][1][0]

INFO AWT-EventQueue-0 de.htwg.se.mastermind.view.tui - 
The cell at [0],[1] has been set!
INFO AWT-EventQueue-0 de.htwg.se.mastermind.view.tui - 
Available Colors: yl, gr, rd, bl, or, pk, pu
INFO AWT-EventQueue-0 de.htwg.se.mastermind.view.tui - 
Possible Commands: n-new, q-quit, c-confirm row, xyco-set a color at x, y, s-show solution
INFO AWT-EventQueue-0 de.htwg.se.mastermind.view.tui - 
Please enter command: 
INFO AWT-EventQueue-0 de.htwg.se.mastermind.view.tui - 
              +-------------+
              | xx xx xx xx |
+-------------+-------------+
|             |             |[2]
|             |             |[1]
|             | yl bl gr rd |[0]
+-------------+-------------+
                [3][2][1][0]

INFO AWT-EventQueue-0 de.htwg.se.mastermind.view.tui - 
The cell at [0],[0] has been set!
INFO AWT-EventQueue-0 de.htwg.se.mastermind.view.tui - 
Available Colors: yl, gr, rd, bl, or, pk, pu
INFO AWT-EventQueue-0 de.htwg.se.mastermind.view.tui - 
Possible Commands: n-new, q-quit, c-confirm row, xyco-set a color at x, y, s-show solution
INFO AWT-EventQueue-0 de.htwg.se.mastermind.view.tui - 
Please enter command: 
INFO AWT-EventQueue-0 de.htwg.se.mastermind.view.tui - 
              +-------------+
              | xx xx xx xx |
+-------------+-------------+
|             |             |[2]
|             |             |[1]
| bk          | yl bl gr rd |[0]
+-------------+-------------+
                [3][2][1][0]

INFO AWT-EventQueue-0 de.htwg.se.mastermind.view.tui - 
Row [0] confirmed!
INFO AWT-EventQueue-0 de.htwg.se.mastermind.view.tui - 
Available Colors: yl, gr, rd, bl, or, pk, pu
INFO AWT-EventQueue-0 de.htwg.se.mastermind.view.tui - 
Possible Commands: n-new, q-quit, c-confirm row, xyco-set a color at x, y, s-show solution
INFO AWT-EventQueue-0 de.htwg.se.mastermind.view.tui - 
Please enter command: 
INFO AWT-EventQueue-0 de.htwg.se.mastermind.view.tui - 
              +-------------+
              | xx xx xx xx |
+-------------+-------------+
|             |             |[2]
|             | or          |[1]
| bk          | yl bl gr rd |[0]
+-------------+-------------+
                [3][2][1][0]

INFO AWT-EventQueue-0 de.htwg.se.mastermind.view.tui - 
The cell at [1],[3] has been set!
INFO AWT-EventQueue-0 de.htwg.se.mastermind.view.tui - 
Available Colors: yl, gr, rd, bl, or, pk, pu
INFO AWT-EventQueue-0 de.htwg.se.mastermind.view.tui - 
Possible Commands: n-new, q-quit, c-confirm row, xyco-set a color at x, y, s-show solution
INFO AWT-EventQueue-0 de.htwg.se.mastermind.view.tui - 
Please enter command: 
INFO AWT-EventQueue-0 de.htwg.se.mastermind.view.tui - 
              +-------------+
              | xx xx xx xx |
+-------------+-------------+
|             |             |[2]
|             | or pk       |[1]
| bk          | yl bl gr rd |[0]
+-------------+-------------+
                [3][2][1][0]

INFO AWT-EventQueue-0 de.htwg.se.mastermind.view.tui - 
The cell at [1],[2] has been set!
INFO AWT-EventQueue-0 de.htwg.se.mastermind.view.tui - 
Available Colors: yl, gr, rd, bl, or, pk, pu
INFO AWT-EventQueue-0 de.htwg.se.mastermind.view.tui - 
Possible Commands: n-new, q-quit, c-confirm row, xyco-set a color at x, y, s-show solution
INFO AWT-EventQueue-0 de.htwg.se.mastermind.view.tui - 
Please enter command: 
INFO AWT-EventQueue-0 de.htwg.se.mastermind.view.tui - 
              +-------------+
              | xx xx xx xx |
+-------------+-------------+
|             |             |[2]
|             | or pk pu    |[1]
| bk          | yl bl gr rd |[0]
+-------------+-------------+
                [3][2][1][0]

INFO AWT-EventQueue-0 de.htwg.se.mastermind.view.tui - 
The cell at [1],[1] has been set!
INFO AWT-EventQueue-0 de.htwg.se.mastermind.view.tui - 
Available Colors: yl, gr, rd, bl, or, pk, pu
INFO AWT-EventQueue-0 de.htwg.se.mastermind.view.tui - 
Possible Commands: n-new, q-quit, c-confirm row, xyco-set a color at x, y, s-show solution
INFO AWT-EventQueue-0 de.htwg.se.mastermind.view.tui - 
Please enter command: 
INFO AWT-EventQueue-0 de.htwg.se.mastermind.view.tui - 
              +-------------+
              | xx xx xx xx |
+-------------+-------------+
|             |             |[2]
|             | or pk pu yl |[1]
| bk          | yl bl gr rd |[0]
+-------------+-------------+
                [3][2][1][0]

INFO AWT-EventQueue-0 de.htwg.se.mastermind.view.tui - 
The cell at [1],[0] has been set!
INFO AWT-EventQueue-0 de.htwg.se.mastermind.view.tui - 
Available Colors: yl, gr, rd, bl, or, pk, pu
INFO AWT-EventQueue-0 de.htwg.se.mastermind.view.tui - 
Possible Commands: n-new, q-quit, c-confirm row, xyco-set a color at x, y, s-show solution
INFO AWT-EventQueue-0 de.htwg.se.mastermind.view.tui - 
Please enter command: 
INFO AWT-EventQueue-0 de.htwg.se.mastermind.view.tui - 
              +-------------+
              | xx xx xx xx |
+-------------+-------------+
|             |             |[2]
| bk          | or pk pu yl |[1]
| bk          | yl bl gr rd |[0]
+-------------+-------------+
                [3][2][1][0]

INFO AWT-EventQueue-0 de.htwg.se.mastermind.view.tui - 
Row [1] confirmed!
INFO AWT-EventQueue-0 de.htwg.se.mastermind.view.tui - 
Available Colors: yl, gr, rd, bl, or, pk, pu
INFO AWT-EventQueue-0 de.htwg.se.mastermind.view.tui - 
Possible Commands: n-new, q-quit, c-confirm row, xyco-set a color at x, y, s-show solution
INFO AWT-EventQueue-0 de.htwg.se.mastermind.view.tui - 
Please enter command: 
INFO AWT-EventQueue-0 de.htwg.se.mastermind.view.tui - 
              +-------------+
              | xx xx xx xx |
+-------------+-------------+
|             | bl          |[2]
| bk          | or pk pu yl |[1]
| bk          | yl bl gr rd |[0]
+-------------+-------------+
                [3][2][1][0]

INFO AWT-EventQueue-0 de.htwg.se.mastermind.view.tui - 
The cell at [2],[3] has been set!
INFO AWT-EventQueue-0 de.htwg.se.mastermind.view.tui - 
Available Colors: yl, gr, rd, bl, or, pk, pu
INFO AWT-EventQueue-0 de.htwg.se.mastermind.view.tui - 
Possible Commands: n-new, q-quit, c-confirm row, xyco-set a color at x, y, s-show solution
INFO AWT-EventQueue-0 de.htwg.se.mastermind.view.tui - 
Please enter command: 
INFO AWT-EventQueue-0 de.htwg.se.mastermind.view.tui - 
              +-------------+
              | xx xx xx xx |
+-------------+-------------+
|             | bl gr       |[2]
| bk          | or pk pu yl |[1]
| bk          | yl bl gr rd |[0]
+-------------+-------------+
                [3][2][1][0]

INFO AWT-EventQueue-0 de.htwg.se.mastermind.view.tui - 
The cell at [2],[2] has been set!
INFO AWT-EventQueue-0 de.htwg.se.mastermind.view.tui - 
Available Colors: yl, gr, rd, bl, or, pk, pu
INFO AWT-EventQueue-0 de.htwg.se.mastermind.view.tui - 
Possible Commands: n-new, q-quit, c-confirm row, xyco-set a color at x, y, s-show solution
INFO AWT-EventQueue-0 de.htwg.se.mastermind.view.tui - 
Please enter command: 
INFO AWT-EventQueue-0 de.htwg.se.mastermind.view.tui - 
              +-------------+
              | xx xx xx xx |
+-------------+-------------+
|             | bl gr rd    |[2]
| bk          | or pk pu yl |[1]
| bk          | yl bl gr rd |[0]
+-------------+-------------+
                [3][2][1][0]

INFO AWT-EventQueue-0 de.htwg.se.mastermind.view.tui - 
The cell at [2],[1] has been set!
INFO AWT-EventQueue-0 de.htwg.se.mastermind.view.tui - 
Available Colors: yl, gr, rd, bl, or, pk, pu
INFO AWT-EventQueue-0 de.htwg.se.mastermind.view.tui - 
Possible Commands: n-new, q-quit, c-confirm row, xyco-set a color at x, y, s-show solution
INFO AWT-EventQueue-0 de.htwg.se.mastermind.view.tui - 
Please enter command: 
INFO AWT-EventQueue-0 de.htwg.se.mastermind.view.tui - 
              +-------------+
              | xx xx xx xx |
+-------------+-------------+
|             | bl gr rd or |[2]
| bk          | or pk pu yl |[1]
| bk          | yl bl gr rd |[0]
+-------------+-------------+
                [3][2][1][0]

INFO AWT-EventQueue-0 de.htwg.se.mastermind.view.tui - 
The cell at [2],[0] has been set!
INFO AWT-EventQueue-0 de.htwg.se.mastermind.view.tui - 
Available Colors: yl, gr, rd, bl, or, pk, pu
INFO AWT-EventQueue-0 de.htwg.se.mastermind.view.tui - 
Possible Commands: n-new, q-quit, c-confirm row, xyco-set a color at x, y, s-show solution
INFO AWT-EventQueue-0 de.htwg.se.mastermind.view.tui - 
Please enter command: 
INFO AWT-EventQueue-0 de.htwg.se.mastermind.view.tui - 
              +-------------+
              | pu rd pu rd |
+-------------+-------------+
| wh          | bl gr rd or |[2]
| bk          | or pk pu yl |[1]
| bk          | yl bl gr rd |[0]
+-------------+-------------+
                [3][2][1][0]

INFO AWT-EventQueue-0 de.htwg.se.mastermind.view.tui - 
You have lost!!
INFO AWT-EventQueue-0 de.htwg.se.mastermind.view.tui - 
Available Colors: yl, gr, rd, bl, or, pk, pu
INFO AWT-EventQueue-0 de.htwg.se.mastermind.view.tui - 
Possible Commands: n-new, q-quit, c-confirm row, xyco-set a color at x, y, s-show solution
INFO AWT-EventQueue-0 de.htwg.se.mastermind.view.tui - 
Please enter command: 
INFO main de.htwg.se.mastermind.view.tui - 
              +-------------+
              | xx xx xx xx |
+-------------+-------------+
|             |             |[6]
|             |             |[5]
|             |             |[4]
|             |             |[3]
|             |             |[2]
|             |             |[1]
|             |             |[0]
+-------------+-------------+
                [3][2][1][0]

INFO main de.htwg.se.mastermind.view.tui - 
New game has been created!
INFO main de.htwg.se.mastermind.view.tui - 
Available Colors: yl, gr, rd, bl, or, pk, pu
INFO main de.htwg.se.mastermind.view.tui - 
Possible Commands: n-new, q-quit, c-confirm row, xyco-set a color at x, y, s-show solution
INFO main de.htwg.se.mastermind.view.tui - 
Please enter command: 
INFO main de.htwg.se.mastermind.view.tui - 
              +-------------+
              | xx xx xx xx |
+-------------+-------------+
|             |             |[2]
|             |             |[1]
|             |             |[0]
+-------------+-------------+
                [3][2][1][0]

INFO main de.htwg.se.mastermind.view.tui - 
New game has been created!
INFO main de.htwg.se.mastermind.view.tui - 
Available Colors: yl, gr, rd, bl, or, pk, pu
INFO main de.htwg.se.mastermind.view.tui - 
Possible Commands: n-new, q-quit, c-confirm row, xyco-set a color at x, y, s-show solution
INFO main de.htwg.se.mastermind.view.tui - 
Please enter command: 
INFO main de.htwg.se.mastermind.view.tui - 
              +-------------+
              | xx xx xx xx |
+-------------+-------------+
|             |             |[6]
|             |             |[5]
|             |             |[4]
|             |             |[3]
|             |             |[2]
|             |             |[1]
|             |             |[0]
+-------------+-------------+
                [3][2][1][0]

INFO main de.htwg.se.mastermind.view.tui - 
New game has been created!
INFO main de.htwg.se.mastermind.view.tui - 
Available Colors: yl, gr, rd, bl, or, pk, pu
INFO main de.htwg.se.mastermind.view.tui - 
Possible Commands: n-new, q-quit, c-confirm row, xyco-set a color at x, y, s-show solution
INFO main de.htwg.se.mastermind.view.tui - 
Please enter command: 
INFO main de.htwg.se.mastermind.view.tui - 
              +-------------+
              | xx xx xx xx |
+-------------+-------------+
|             |             |[6]
|             |             |[5]
|             |             |[4]
|             |             |[3]
|             |             |[2]
|             |             |[1]
|             |             |[0]
+-------------+-------------+
                [3][2][1][0]

INFO main de.htwg.se.mastermind.view.tui - 
New game has been created!
INFO main de.htwg.se.mastermind.view.tui - 
Available Colors: yl, gr, rd, bl, or, pk, pu
INFO main de.htwg.se.mastermind.view.tui - 
Possible Commands: n-new, q-quit, c-confirm row, xyco-set a color at x, y, s-show solution
INFO main de.htwg.se.mastermind.view.tui - 
Please enter command: 
INFO main de.htwg.se.mastermind.view.tui - 
              +-------------+
              | xx xx xx xx |
+-------------+-------------+
|             |             |[6]
|             |             |[5]
|             |             |[4]
|             |             |[3]
|             |             |[2]
|             |             |[1]
|             |             |[0]
+-------------+-------------+
                [3][2][1][0]

INFO main de.htwg.se.mastermind.view.tui - 
New game has been created!
INFO main de.htwg.se.mastermind.view.tui - 
Available Colors: yl, gr, rd, bl, or, pk, pu
INFO main de.htwg.se.mastermind.view.tui - 
Possible Commands: n-new, q-quit, c-confirm row, xyco-set a color at x, y, s-show solution
INFO main de.htwg.se.mastermind.view.tui - 
Please enter command: 
INFO main de.htwg.se.mastermind.view.tui - 
              +-------------+
              | xx xx xx xx |
+-------------+-------------+
|             |             |[2]
|             |             |[1]
|             |             |[0]
+-------------+-------------+
                [3][2][1][0]

INFO main de.htwg.se.mastermind.view.tui - 
New game has been created!
INFO main de.htwg.se.mastermind.view.tui - 
Available Colors: yl, gr, rd, bl, or, pk, pu
INFO main de.htwg.se.mastermind.view.tui - 
Possible Commands: n-new, q-quit, c-confirm row, xyco-set a color at x, y, s-show solution
INFO main de.htwg.se.mastermind.view.tui - 
Please enter command: 
INFO main de.htwg.se.mastermind.view.tui - 
              +-------------+
              | xx xx xx xx |
+-------------+-------------+
|             |             |[6]
|             |             |[5]
|             |             |[4]
|             |             |[3]
|             |             |[2]
|             |             |[1]
|             |             |[0]
+-------------+-------------+
                [3][2][1][0]

INFO main de.htwg.se.mastermind.view.tui - 
New game has been created!
INFO main de.htwg.se.mastermind.view.tui - 
Available Colors: yl, gr, rd, bl, or, pk, pu
INFO main de.htwg.se.mastermind.view.tui - 
Possible Commands: n-new, q-quit, c-confirm row, xyco-set a color at x, y, s-show solution
INFO main de.htwg.se.mastermind.view.tui - 
Please enter command: 
INFO AWT-EventQueue-0 de.htwg.se.mastermind.view.tui - 
              +-------------+
              | xx xx xx xx |
+-------------+-------------+
|             |             |[2]
|             |             |[1]
|             |             |[0]
+-------------+-------------+
                [3][2][1][0]

INFO AWT-EventQueue-0 de.htwg.se.mastermind.view.tui - 
New game has been created!
INFO AWT-EventQueue-0 de.htwg.se.mastermind.view.tui - 
Available Colors: yl, gr, rd, bl, or, pk, pu
INFO AWT-EventQueue-0 de.htwg.se.mastermind.view.tui - 
Possible Commands: n-new, q-quit, c-confirm row, xyco-set a color at x, y, s-show solution
INFO AWT-EventQueue-0 de.htwg.se.mastermind.view.tui - 
Please enter command: 
INFO main de.htwg.se.mastermind.view.tui - 
              +-------------+
              | xx xx xx xx |
+-------------+-------------+
|             |             |[6]
|             |             |[5]
|             |             |[4]
|             |             |[3]
|             |             |[2]
|             |             |[1]
|             |             |[0]
+-------------+-------------+
                [3][2][1][0]

INFO main de.htwg.se.mastermind.view.tui - 
New game has been created!
INFO main de.htwg.se.mastermind.view.tui - 
Available Colors: yl, gr, rd, bl, or, pk, pu
INFO main de.htwg.se.mastermind.view.tui - 
Possible Commands: n-new, q-quit, c-confirm row, xyco-set a color at x, y, s-show solution
INFO main de.htwg.se.mastermind.view.tui - 
Please enter command: 
INFO main de.htwg.se.mastermind.view.tui - 
              +-------------+
              | xx xx xx xx |
+-------------+-------------+
|             |             |[6]
|             |             |[5]
|             |             |[4]
|             |             |[3]
|             |             |[2]
|             |             |[1]
|             |             |[0]
+-------------+-------------+
                [3][2][1][0]

INFO main de.htwg.se.mastermind.view.tui - 
New game has been created!
INFO main de.htwg.se.mastermind.view.tui - 
Available Colors: yl, gr, rd, bl, or, pk, pu
INFO main de.htwg.se.mastermind.view.tui - 
Possible Commands: n-new, q-quit, c-confirm row, xyco-set a color at x, y, s-show solution
INFO main de.htwg.se.mastermind.view.tui - 
Please enter command: 
INFO main de.htwg.se.mastermind.view.tui - 
              +-------------+
              | xx xx xx xx |
+-------------+-------------+
|             |             |[6]
|             |             |[5]
|             |             |[4]
|             |             |[3]
|             |             |[2]
|             |             |[1]
|             |          yl |[0]
+-------------+-------------+
                [3][2][1][0]

INFO main de.htwg.se.mastermind.view.tui - 
The cell at [0],[0] has been set!
INFO main de.htwg.se.mastermind.view.tui - 
Available Colors: yl, gr, rd, bl, or, pk, pu
INFO main de.htwg.se.mastermind.view.tui - 
Possible Commands: n-new, q-quit, c-confirm row, xyco-set a color at x, y, s-show solution
INFO main de.htwg.se.mastermind.view.tui - 
Please enter command: 
INFO main de.htwg.se.mastermind.view.tui - 
              +-------------+
              | xx xx xx xx |
+-------------+-------------+
|             |             |[6]
|             |             |[5]
|             |             |[4]
|             |             |[3]
|             |             |[2]
|             |             |[1]
|             |             |[0]
+-------------+-------------+
                [3][2][1][0]

INFO main de.htwg.se.mastermind.view.tui - 
New game has been created!
INFO main de.htwg.se.mastermind.view.tui - 
Available Colors: yl, gr, rd, bl, or, pk, pu
INFO main de.htwg.se.mastermind.view.tui - 
Possible Commands: n-new, q-quit, c-confirm row, xyco-set a color at x, y, s-show solution
INFO main de.htwg.se.mastermind.view.tui - 
Please enter command: 
INFO main de.htwg.se.mastermind.view.tui - 
              +-------------+
              | xx xx xx xx |
+-------------+-------------+
|             |             |[6]
|             |             |[5]
|             |             |[4]
|             |             |[3]
|             |             |[2]
|             |             |[1]
|             |             |[0]
+-------------+-------------+
                [3][2][1][0]

INFO main de.htwg.se.mastermind.view.tui - 
New game has been created!
INFO main de.htwg.se.mastermind.view.tui - 
Available Colors: yl, gr, rd, bl, or, pk, pu
INFO main de.htwg.se.mastermind.view.tui - 
Possible Commands: n-new, q-quit, c-confirm row, xyco-set a color at x, y, s-show solution
INFO main de.htwg.se.mastermind.view.tui - 
Please enter command: 
INFO main de.htwg.se.mastermind.view.tui - 
              +-------------+
              | xx xx xx xx |
+-------------+-------------+
|             |             |[6]
|             |             |[5]
|             |             |[4]
|             |             |[3]
|             |             |[2]
|             |             |[1]
|             |             |[0]
+-------------+-------------+
                [3][2][1][0]

INFO main de.htwg.se.mastermind.view.tui - 
New game has been created!
INFO main de.htwg.se.mastermind.view.tui - 
Available Colors: yl, gr, rd, bl, or, pk, pu
INFO main de.htwg.se.mastermind.view.tui - 
Possible Commands: n-new, q-quit, c-confirm row, xyco-set a color at x, y, s-show solution
INFO main de.htwg.se.mastermind.view.tui - 
Please enter command: 
INFO main de.htwg.se.mastermind.view.tui - 
              +-------------+
              | xx xx xx xx |
+-------------+-------------+
|             |             |[6]
|             |             |[5]
|             |             |[4]
|             |             |[3]
|             |             |[2]
|             |             |[1]
|             |          yl |[0]
+-------------+-------------+
                [3][2][1][0]

INFO main de.htwg.se.mastermind.view.tui - 
The cell at [0],[0] has been set!
INFO main de.htwg.se.mastermind.view.tui - 
Available Colors: yl, gr, rd, bl, or, pk, pu
INFO main de.htwg.se.mastermind.view.tui - 
Possible Commands: n-new, q-quit, c-confirm row, xyco-set a color at x, y, s-show solution
INFO main de.htwg.se.mastermind.view.tui - 
Please enter command: 
INFO main de.htwg.se.mastermind.view.tui - 
              +-------------+
              | xx xx xx xx |
+-------------+-------------+
|             |             |[6]
|             |             |[5]
|             |             |[4]
|             |             |[3]
|             |             |[2]
|             |             |[1]
|             |       yl yl |[0]
+-------------+-------------+
                [3][2][1][0]

INFO main de.htwg.se.mastermind.view.tui - 
The cell at [0],[1] has been set!
INFO main de.htwg.se.mastermind.view.tui - 
Available Colors: yl, gr, rd, bl, or, pk, pu
INFO main de.htwg.se.mastermind.view.tui - 
Possible Commands: n-new, q-quit, c-confirm row, xyco-set a color at x, y, s-show solution
INFO main de.htwg.se.mastermind.view.tui - 
Please enter command: 
INFO main de.htwg.se.mastermind.view.tui - 
              +-------------+
              | xx xx xx xx |
+-------------+-------------+
|             |             |[6]
|             |             |[5]
|             |             |[4]
|             |             |[3]
|             |             |[2]
|             |             |[1]
|             |    yl yl yl |[0]
+-------------+-------------+
                [3][2][1][0]

INFO main de.htwg.se.mastermind.view.tui - 
The cell at [0],[2] has been set!
INFO main de.htwg.se.mastermind.view.tui - 
Available Colors: yl, gr, rd, bl, or, pk, pu
INFO main de.htwg.se.mastermind.view.tui - 
Possible Commands: n-new, q-quit, c-confirm row, xyco-set a color at x, y, s-show solution
INFO main de.htwg.se.mastermind.view.tui - 
Please enter command: 
INFO main de.htwg.se.mastermind.view.tui - 
              +-------------+
              | xx xx xx xx |
+-------------+-------------+
|             |             |[6]
|             |             |[5]
|             |             |[4]
|             |             |[3]
|             |             |[2]
|             |             |[1]
|             | yl yl yl yl |[0]
+-------------+-------------+
                [3][2][1][0]

INFO main de.htwg.se.mastermind.view.tui - 
The cell at [0],[3] has been set!
INFO main de.htwg.se.mastermind.view.tui - 
Available Colors: yl, gr, rd, bl, or, pk, pu
INFO main de.htwg.se.mastermind.view.tui - 
Possible Commands: n-new, q-quit, c-confirm row, xyco-set a color at x, y, s-show solution
INFO main de.htwg.se.mastermind.view.tui - 
Please enter command: 
INFO main de.htwg.se.mastermind.view.tui - 
              +-------------+
              | xx xx xx xx |
+-------------+-------------+
|             |             |[6]
|             |             |[5]
|             |             |[4]
|             |             |[3]
|             |             |[2]
|             |             |[1]
|             | yl yl yl yl |[0]
+-------------+-------------+
                [3][2][1][0]

INFO main de.htwg.se.mastermind.view.tui - 
Row [0] confirmed!
INFO main de.htwg.se.mastermind.view.tui - 
Available Colors: yl, gr, rd, bl, or, pk, pu
INFO main de.htwg.se.mastermind.view.tui - 
Possible Commands: n-new, q-quit, c-confirm row, xyco-set a color at x, y, s-show solution
INFO main de.htwg.se.mastermind.view.tui - 
Please enter command: 
INFO main de.htwg.se.mastermind.view.tui - 
              +-------------+
              | xx xx xx xx |
+-------------+-------------+
|             |             |[6]
|             |             |[5]
|             |             |[4]
|             |             |[3]
|             |             |[2]
|             |             |[1]
|             |             |[0]
+-------------+-------------+
                [3][2][1][0]

INFO main de.htwg.se.mastermind.view.tui - 
New game has been created!
INFO main de.htwg.se.mastermind.view.tui - 
Available Colors: yl, gr, rd, bl, or, pk, pu
INFO main de.htwg.se.mastermind.view.tui - 
Possible Commands: n-new, q-quit, c-confirm row, xyco-set a color at x, y, s-show solution
INFO main de.htwg.se.mastermind.view.tui - 
Please enter command: 
INFO main de.htwg.se.mastermind.view.tui - 
              +-------------+
              | bl bl pu bl |
+-------------+-------------+
|             |             |[6]
|             |             |[5]
|             |             |[4]
|             |             |[3]
|             |             |[2]
|             |             |[1]
|             |             |[0]
+-------------+-------------+
                [3][2][1][0]

INFO main de.htwg.se.mastermind.view.tui - 
The solution of the game:
INFO main de.htwg.se.mastermind.view.tui - 
Available Colors: yl, gr, rd, bl, or, pk, pu
INFO main de.htwg.se.mastermind.view.tui - 
Possible Commands: n-new, q-quit, c-confirm row, xyco-set a color at x, y, s-show solution
INFO main de.htwg.se.mastermind.view.tui - 
Please enter command: 
INFO main de.htwg.se.mastermind.view.tui - 
              +-------------+
              | xx xx xx xx |
+-------------+-------------+
|             |             |[6]
|             |             |[5]
|             |             |[4]
|             |             |[3]
|             |             |[2]
|             |             |[1]
|             |             |[0]
+-------------+-------------+
                [3][2][1][0]

INFO main de.htwg.se.mastermind.view.tui - 
New game has been created!
INFO main de.htwg.se.mastermind.view.tui - 
Available Colors: yl, gr, rd, bl, or, pk, pu
INFO main de.htwg.se.mastermind.view.tui - 
Possible Commands: n-new, q-quit, c-confirm row, xyco-set a color at x, y, s-show solution
INFO main de.htwg.se.mastermind.view.tui - 
Please enter command: 
INFO main de.htwg.se.mastermind.view.tui - 
              +-------------+
              | xx xx xx xx |
+-------------+-------------+
|             |             |[6]
|             |             |[5]
|             |             |[4]
|             |             |[3]
|             |             |[2]
|             |             |[1]
|             |             |[0]
+-------------+-------------+
                [3][2][1][0]

INFO main de.htwg.se.mastermind.view.tui - 
New game has been created!
INFO main de.htwg.se.mastermind.view.tui - 
Available Colors: yl, gr, rd, bl, or, pk, pu
INFO main de.htwg.se.mastermind.view.tui - 
Possible Commands: n-new, q-quit, c-confirm row, xyco-set a color at x, y, s-show solution
INFO main de.htwg.se.mastermind.view.tui - 
Please enter command: 
INFO main de.htwg.se.mastermind.view.tui - 
              +-------------+
              | xx xx xx xx |
+-------------+-------------+
|             |             |[6]
|             |             |[5]
|             |             |[4]
|             |             |[3]
|             |             |[2]
|             |             |[1]
|             |             |[0]
+-------------+-------------+
                [3][2][1][0]

INFO main de.htwg.se.mastermind.view.tui - 
New game has been created!
INFO main de.htwg.se.mastermind.view.tui - 
Available Colors: yl, gr, rd, bl, or, pk, pu
INFO main de.htwg.se.mastermind.view.tui - 
Possible Commands: n-new, q-quit, c-confirm row, xyco-set a color at x, y, s-show solution
INFO main de.htwg.se.mastermind.view.tui - 
Please enter command: 
INFO main de.htwg.se.mastermind.view.tui - 
              +-------------+
              | xx xx xx xx |
+-------------+-------------+
|             |             |[6]
|             |             |[5]
|             |             |[4]
|             |             |[3]
|             |             |[2]
|             |             |[1]
|             |          yl |[0]
+-------------+-------------+
                [3][2][1][0]

INFO main de.htwg.se.mastermind.view.tui - 
The cell at [0],[0] has been set!
INFO main de.htwg.se.mastermind.view.tui - 
Available Colors: yl, gr, rd, bl, or, pk, pu
INFO main de.htwg.se.mastermind.view.tui - 
Possible Commands: n-new, q-quit, c-confirm row, xyco-set a color at x, y, s-show solution
INFO main de.htwg.se.mastermind.view.tui - 
Please enter command: 
INFO main de.htwg.se.mastermind.view.tui - 
              +-------------+
              | xx xx xx xx |
+-------------+-------------+
|             |             |[6]
|             |             |[5]
|             |             |[4]
|             |             |[3]
|             |             |[2]
|             |             |[1]
|             |             |[0]
+-------------+-------------+
                [3][2][1][0]

INFO main de.htwg.se.mastermind.view.tui - 
New game has been created!
INFO main de.htwg.se.mastermind.view.tui - 
Available Colors: yl, gr, rd, bl, or, pk, pu
INFO main de.htwg.se.mastermind.view.tui - 
Possible Commands: n-new, q-quit, c-confirm row, xyco-set a color at x, y, s-show solution
INFO main de.htwg.se.mastermind.view.tui - 
Please enter command: 
INFO main de.htwg.se.mastermind.view.tui - 
              +-------------+
              | xx xx xx xx |
+-------------+-------------+
|             |             |[6]
|             |             |[5]
|             |             |[4]
|             |             |[3]
|             |             |[2]
|             |             |[1]
|             |             |[0]
+-------------+-------------+
                [3][2][1][0]

INFO main de.htwg.se.mastermind.view.tui - 
New game has been created!
INFO main de.htwg.se.mastermind.view.tui - 
Available Colors: yl, gr, rd, bl, or, pk, pu
INFO main de.htwg.se.mastermind.view.tui - 
Possible Commands: n-new, q-quit, c-confirm row, xyco-set a color at x, y, s-show solution
INFO main de.htwg.se.mastermind.view.tui - 
Please enter command: 
INFO main de.htwg.se.mastermind.view.tui - 
              +-------------+
              | xx xx xx xx |
+-------------+-------------+
|             |             |[6]
|             |             |[5]
|             |             |[4]
|             |             |[3]
|             |             |[2]
|             |             |[1]
|             |             |[0]
+-------------+-------------+
                [3][2][1][0]

INFO main de.htwg.se.mastermind.view.tui - 
New game has been created!
INFO main de.htwg.se.mastermind.view.tui - 
Available Colors: yl, gr, rd, bl, or, pk, pu
INFO main de.htwg.se.mastermind.view.tui - 
Possible Commands: n-new, q-quit, c-confirm row, xyco-set a color at x, y, s-show solution
INFO main de.htwg.se.mastermind.view.tui - 
Please enter command: 
INFO main de.htwg.se.mastermind.view.tui - 
              +-------------+
              | xx xx xx xx |
+-------------+-------------+
|             |             |[6]
|             |             |[5]
|             |             |[4]
|             |             |[3]
|             |             |[2]
|             |             |[1]
|             |          yl |[0]
+-------------+-------------+
                [3][2][1][0]

INFO main de.htwg.se.mastermind.view.tui - 
The cell at [0],[0] has been set!
INFO main de.htwg.se.mastermind.view.tui - 
Available Colors: yl, gr, rd, bl, or, pk, pu
INFO main de.htwg.se.mastermind.view.tui - 
Possible Commands: n-new, q-quit, c-confirm row, xyco-set a color at x, y, s-show solution
INFO main de.htwg.se.mastermind.view.tui - 
Please enter command: 
INFO main de.htwg.se.mastermind.view.tui - 
              +-------------+
              | xx xx xx xx |
+-------------+-------------+
|             |             |[6]
|             |             |[5]
|             |             |[4]
|             |             |[3]
|             |             |[2]
|             |             |[1]
|             |       yl yl |[0]
+-------------+-------------+
                [3][2][1][0]

INFO main de.htwg.se.mastermind.view.tui - 
The cell at [0],[1] has been set!
INFO main de.htwg.se.mastermind.view.tui - 
Available Colors: yl, gr, rd, bl, or, pk, pu
INFO main de.htwg.se.mastermind.view.tui - 
Possible Commands: n-new, q-quit, c-confirm row, xyco-set a color at x, y, s-show solution
INFO main de.htwg.se.mastermind.view.tui - 
Please enter command: 
INFO main de.htwg.se.mastermind.view.tui - 
              +-------------+
              | xx xx xx xx |
+-------------+-------------+
|             |             |[6]
|             |             |[5]
|             |             |[4]
|             |             |[3]
|             |             |[2]
|             |             |[1]
|             |    yl yl yl |[0]
+-------------+-------------+
                [3][2][1][0]

INFO main de.htwg.se.mastermind.view.tui - 
The cell at [0],[2] has been set!
INFO main de.htwg.se.mastermind.view.tui - 
Available Colors: yl, gr, rd, bl, or, pk, pu
INFO main de.htwg.se.mastermind.view.tui - 
Possible Commands: n-new, q-quit, c-confirm row, xyco-set a color at x, y, s-show solution
INFO main de.htwg.se.mastermind.view.tui - 
Please enter command: 
INFO main de.htwg.se.mastermind.view.tui - 
              +-------------+
              | xx xx xx xx |
+-------------+-------------+
|             |             |[6]
|             |             |[5]
|             |             |[4]
|             |             |[3]
|             |             |[2]
|             |             |[1]
|             | yl yl yl yl |[0]
+-------------+-------------+
                [3][2][1][0]

INFO main de.htwg.se.mastermind.view.tui - 
The cell at [0],[3] has been set!
INFO main de.htwg.se.mastermind.view.tui - 
Available Colors: yl, gr, rd, bl, or, pk, pu
INFO main de.htwg.se.mastermind.view.tui - 
Possible Commands: n-new, q-quit, c-confirm row, xyco-set a color at x, y, s-show solution
INFO main de.htwg.se.mastermind.view.tui - 
Please enter command: 
INFO main de.htwg.se.mastermind.view.tui - 
              +-------------+
              | xx xx xx xx |
+-------------+-------------+
|             |             |[6]
|             |             |[5]
|             |             |[4]
|             |             |[3]
|             |             |[2]
|             |             |[1]
| bk          | yl yl yl yl |[0]
+-------------+-------------+
                [3][2][1][0]

INFO main de.htwg.se.mastermind.view.tui - 
Row [0] confirmed!
INFO main de.htwg.se.mastermind.view.tui - 
Available Colors: yl, gr, rd, bl, or, pk, pu
INFO main de.htwg.se.mastermind.view.tui - 
Possible Commands: n-new, q-quit, c-confirm row, xyco-set a color at x, y, s-show solution
INFO main de.htwg.se.mastermind.view.tui - 
Please enter command: 
INFO main de.htwg.se.mastermind.view.tui - 
              +-------------+
              | xx xx xx xx |
+-------------+-------------+
|             |             |[6]
|             |             |[5]
|             |             |[4]
|             |             |[3]
|             |             |[2]
|             |             |[1]
|             |             |[0]
+-------------+-------------+
                [3][2][1][0]

INFO main de.htwg.se.mastermind.view.tui - 
New game has been created!
INFO main de.htwg.se.mastermind.view.tui - 
Available Colors: yl, gr, rd, bl, or, pk, pu
INFO main de.htwg.se.mastermind.view.tui - 
Possible Commands: n-new, q-quit, c-confirm row, xyco-set a color at x, y, s-show solution
INFO main de.htwg.se.mastermind.view.tui - 
Please enter command: 
INFO main de.htwg.se.mastermind.view.tui - 
              +-------------+
              | gr pu rd rd |
+-------------+-------------+
|             |             |[6]
|             |             |[5]
|             |             |[4]
|             |             |[3]
|             |             |[2]
|             |             |[1]
|             |             |[0]
+-------------+-------------+
                [3][2][1][0]

INFO main de.htwg.se.mastermind.view.tui - 
The solution of the game:
INFO main de.htwg.se.mastermind.view.tui - 
Available Colors: yl, gr, rd, bl, or, pk, pu
INFO main de.htwg.se.mastermind.view.tui - 
Possible Commands: n-new, q-quit, c-confirm row, xyco-set a color at x, y, s-show solution
INFO main de.htwg.se.mastermind.view.tui - 
Please enter command: 
INFO main de.htwg.se.mastermind.view.tui - 
              +-------------+
              | xx xx xx xx |
+-------------+-------------+
|             |             |[6]
|             |             |[5]
|             |             |[4]
|             |             |[3]
|             |             |[2]
|             |             |[1]
|             |             |[0]
+-------------+-------------+
                [3][2][1][0]

INFO main de.htwg.se.mastermind.view.tui - 
New game has been created!
INFO main de.htwg.se.mastermind.view.tui - 
Available Colors: yl, gr, rd, bl, or, pk, pu
INFO main de.htwg.se.mastermind.view.tui - 
Possible Commands: n-new, q-quit, c-confirm row, xyco-set a color at x, y, s-show solution
INFO main de.htwg.se.mastermind.view.tui - 
Please enter command: 
INFO main de.htwg.se.mastermind.view.tui - 
              +-------------+
              | xx xx xx xx |
+-------------+-------------+
|             |             |[6]
|             |             |[5]
|             |             |[4]
|             |             |[3]
|             |             |[2]
|             |             |[1]
|             |             |[0]
+-------------+-------------+
                [3][2][1][0]

INFO main de.htwg.se.mastermind.view.tui - 
New game has been created!
INFO main de.htwg.se.mastermind.view.tui - 
Available Colors: yl, gr, rd, bl, or, pk, pu
INFO main de.htwg.se.mastermind.view.tui - 
Possible Commands: n-new, q-quit, c-confirm row, xyco-set a color at x, y, s-show solution
INFO main de.htwg.se.mastermind.view.tui - 
Please enter command: 
