INFO main de.htwg.sudoku.aview.tui - 
New game has been created!
INFO main de.htwg.sudoku.aview.tui - 
Possible Commands: n-new, q-quit, c-confirm row, xyco-set a color at x, y, s-show solution
INFO main de.htwg.sudoku.aview.tui - 
+------------+------------+
|            | xx xx xx xx|
|            |            |
|            |            |
|            |            |
|            |            |
|            |            |
|            |            |
|            |          yl|
+------------+------------+
INFO main de.htwg.sudoku.aview.tui - 
The cell at [0],[0] has been set!
INFO main de.htwg.sudoku.aview.tui - 
Possible Commands: n-new, q-quit, c-confirm row, xyco-set a color at x, y, s-show solution
INFO main de.htwg.sudoku.aview.tui - 
+------------+------------+
|            | xx xx xx xx|
|            |            |
|            |            |
|            |            |
|            |            |
|            |            |
|            |            |
|            |       bl yl|
+------------+------------+
INFO main de.htwg.sudoku.aview.tui - 
The cell at [0],[1] has been set!
INFO main de.htwg.sudoku.aview.tui - 
Possible Commands: n-new, q-quit, c-confirm row, xyco-set a color at x, y, s-show solution
INFO main de.htwg.sudoku.aview.tui - 
+------------+------------+
|            | xx xx xx xx|
|            |            |
|            |            |
|            |            |
|            |            |
|            |            |
|            |            |
|            |    rd bl yl|
+------------+------------+
INFO main de.htwg.sudoku.aview.tui - 
The cell at [0],[2] has been set!
INFO main de.htwg.sudoku.aview.tui - 
Possible Commands: n-new, q-quit, c-confirm row, xyco-set a color at x, y, s-show solution
INFO main de.htwg.sudoku.aview.tui - 
+------------+------------+
|            | xx xx xx xx|
|            |            |
|            |            |
|            |            |
|            |            |
|            |            |
|            |            |
|            | gr rd bl yl|
+------------+------------+
INFO main de.htwg.sudoku.aview.tui - 
The cell at [0],[3] has been set!
INFO main de.htwg.sudoku.aview.tui - 
Possible Commands: n-new, q-quit, c-confirm row, xyco-set a color at x, y, s-show solution
INFO main de.htwg.sudoku.aview.tui - 
+------------+------------+
|            | xx xx xx xx|
|            |            |
|            |            |
|            |            |
|            |            |
|            |            |
|            |            |
|            |            |
+------------+------------+
INFO main de.htwg.sudoku.aview.tui - 
New game has been created!
INFO main de.htwg.sudoku.aview.tui - 
Possible Commands: n-new, q-quit, c-confirm row, xyco-set a color at x, y, s-show solution
INFO main de.htwg.sudoku.aview.tui - 
+------------+------------+
|            | xx xx xx xx|
|            |            |
|            |            |
|            |            |
|            |            |
|            |            |
|            |            |
|            |          or|
+------------+------------+
INFO main de.htwg.sudoku.aview.tui - 
The cell at [0],[0] has been set!
INFO main de.htwg.sudoku.aview.tui - 
Possible Commands: n-new, q-quit, c-confirm row, xyco-set a color at x, y, s-show solution
INFO main de.htwg.sudoku.aview.tui - 
+------------+------------+
|            | xx xx xx xx|
|            |            |
|            |            |
|            |            |
|            |            |
|            |            |
|            |            |
|            |       rd or|
+------------+------------+
INFO main de.htwg.sudoku.aview.tui - 
The cell at [0],[1] has been set!
INFO main de.htwg.sudoku.aview.tui - 
Possible Commands: n-new, q-quit, c-confirm row, xyco-set a color at x, y, s-show solution
INFO main de.htwg.sudoku.aview.tui - 
+------------+------------+
|            | xx xx xx xx|
|            |            |
|            |            |
|            |            |
|            |            |
|            |            |
|            |            |
|            |    gr rd or|
+------------+------------+
INFO main de.htwg.sudoku.aview.tui - 
The cell at [0],[2] has been set!
INFO main de.htwg.sudoku.aview.tui - 
Possible Commands: n-new, q-quit, c-confirm row, xyco-set a color at x, y, s-show solution
INFO main de.htwg.sudoku.aview.tui - 
+------------+------------+
|            | xx xx xx xx|
|            |            |
|            |            |
|            |            |
|            |            |
|            |            |
|            |            |
|            | or gr rd or|
+------------+------------+
INFO main de.htwg.sudoku.aview.tui - 
The cell at [0],[3] has been set!
INFO main de.htwg.sudoku.aview.tui - 
Possible Commands: n-new, q-quit, c-confirm row, xyco-set a color at x, y, s-show solution
INFO main de.htwg.sudoku.aview.tui - 
+------------+------------+
|            | xx xx xx xx|
|            |            |
|            |            |
|            |            |
|            |            |
|            |            |
|            |            |
| bk bk bk   | or gr rd or|
+------------+------------+
INFO main de.htwg.sudoku.aview.tui - 
Row confirmed!
INFO main de.htwg.sudoku.aview.tui - 
Possible Commands: n-new, q-quit, c-confirm row, xyco-set a color at x, y, s-show solution
INFO main de.htwg.sudoku.aview.tui - 
+------------+------------+
|            | xx xx xx xx|
|            |            |
|            |            |
|            |            |
|            |            |
|            |            |
|            |            |
|            |            |
+------------+------------+
INFO main de.htwg.sudoku.aview.tui - 
New game has been created!
INFO main de.htwg.sudoku.aview.tui - 
Possible Commands: n-new, q-quit, c-confirm row, xyco-set a color at x, y, s-show solution
INFO main de.htwg.sudoku.aview.tui - 
+------------+------------+
|            | xx xx xx xx|
|            |            |
|            |            |
|            |            |
|            |            |
|            |            |
|            |            |
|            |          or|
+------------+------------+
INFO main de.htwg.sudoku.aview.tui - 
The cell at [0],[0] has been set!
INFO main de.htwg.sudoku.aview.tui - 
Possible Commands: n-new, q-quit, c-confirm row, xyco-set a color at x, y, s-show solution
INFO main de.htwg.sudoku.aview.tui - 
+------------+------------+
|            | xx xx xx xx|
|            |            |
|            |            |
|            |            |
|            |            |
|            |            |
|            |            |
|            |       rd or|
+------------+------------+
INFO main de.htwg.sudoku.aview.tui - 
The cell at [0],[1] has been set!
INFO main de.htwg.sudoku.aview.tui - 
Possible Commands: n-new, q-quit, c-confirm row, xyco-set a color at x, y, s-show solution
INFO main de.htwg.sudoku.aview.tui - 
+------------+------------+
|            | xx xx xx xx|
|            |            |
|            |            |
|            |            |
|            |            |
|            |            |
|            |            |
|            |    gr rd or|
+------------+------------+
INFO main de.htwg.sudoku.aview.tui - 
The cell at [0],[2] has been set!
INFO main de.htwg.sudoku.aview.tui - 
Possible Commands: n-new, q-quit, c-confirm row, xyco-set a color at x, y, s-show solution
INFO main de.htwg.sudoku.aview.tui - 
+------------+------------+
|            | xx xx xx xx|
|            |            |
|            |            |
|            |            |
|            |            |
|            |            |
|            |            |
|            | or gr rd or|
+------------+------------+
INFO main de.htwg.sudoku.aview.tui - 
The cell at [0],[3] has been set!
INFO main de.htwg.sudoku.aview.tui - 
Possible Commands: n-new, q-quit, c-confirm row, xyco-set a color at x, y, s-show solution
INFO main de.htwg.sudoku.aview.tui - 
+------------+------------+
|            | xx xx xx xx|
|            |            |
|            |            |
|            |            |
|            |            |
|            |            |
|            |            |
|            |            |
+------------+------------+
INFO main de.htwg.sudoku.aview.tui - 
New game has been created!
INFO main de.htwg.sudoku.aview.tui - 
Possible Commands: n-new, q-quit, c-confirm row, xyco-set a color at x, y, s-show solution
INFO main de.htwg.sudoku.aview.tui - 
+------------+------------+
|            | xx xx xx xx|
|            |            |
|            |            |
|            |            |
|            |            |
|            |            |
|            |            |
|            |            |
+------------+------------+
INFO main de.htwg.sudoku.aview.tui - 
New game has been created!
INFO main de.htwg.sudoku.aview.tui - 
Possible Commands: n-new, q-quit, c-confirm row, xyco-set a color at x, y, s-show solution
INFO main de.htwg.sudoku.aview.tui - 
+------------+------------+
|            | xx xx xx xx|
|            |            |
|            |            |
|            |            |
|            |            |
|            |            |
|            |            |
|            |          or|
+------------+------------+
INFO main de.htwg.sudoku.aview.tui - 
The cell at [0],[0] has been set!
INFO main de.htwg.sudoku.aview.tui - 
Possible Commands: n-new, q-quit, c-confirm row, xyco-set a color at x, y, s-show solution
INFO main de.htwg.sudoku.aview.tui - 
+------------+------------+
|            | xx xx xx xx|
|            |            |
|            |            |
|            |            |
|            |            |
|            |            |
|            |            |
|            |       gr or|
+------------+------------+
INFO main de.htwg.sudoku.aview.tui - 
The cell at [0],[1] has been set!
INFO main de.htwg.sudoku.aview.tui - 
Possible Commands: n-new, q-quit, c-confirm row, xyco-set a color at x, y, s-show solution
INFO main de.htwg.sudoku.aview.tui - 
+------------+------------+
|            | xx xx xx xx|
|            |            |
|            |            |
|            |            |
|            |            |
|            |            |
|            |            |
|            |       rd or|
+------------+------------+
INFO main de.htwg.sudoku.aview.tui - 
The cell at [0],[1] has been set!
INFO main de.htwg.sudoku.aview.tui - 
Possible Commands: n-new, q-quit, c-confirm row, xyco-set a color at x, y, s-show solution
INFO main de.htwg.sudoku.aview.tui - 
+------------+------------+
|            | xx xx xx xx|
|            |            |
|            |            |
|            |            |
|            |            |
|            |            |
|            |            |
|            |    gr rd or|
+------------+------------+
INFO main de.htwg.sudoku.aview.tui - 
The cell at [0],[2] has been set!
INFO main de.htwg.sudoku.aview.tui - 
Possible Commands: n-new, q-quit, c-confirm row, xyco-set a color at x, y, s-show solution
INFO main de.htwg.sudoku.aview.tui - 
+------------+------------+
|            | xx xx xx xx|
|            |            |
|            |            |
|            |            |
|            |            |
|            |            |
|            |            |
|            | or gr rd or|
+------------+------------+
INFO main de.htwg.sudoku.aview.tui - 
The cell at [0],[3] has been set!
INFO main de.htwg.sudoku.aview.tui - 
Possible Commands: n-new, q-quit, c-confirm row, xyco-set a color at x, y, s-show solution
INFO main de.htwg.sudoku.aview.tui - 
+------------+------------+
|            | xx xx xx xx|
|            |            |
|            |            |
|            |            |
|            |            |
|            |            |
|            |            |
| bk wh wh   | or gr rd or|
+------------+------------+
INFO main de.htwg.sudoku.aview.tui - 
Row confirmed!
INFO main de.htwg.sudoku.aview.tui - 
Possible Commands: n-new, q-quit, c-confirm row, xyco-set a color at x, y, s-show solution
